{"/Users/jorgeangelpaez/Desktop/clase41/test-suite/frontend/postcss.config.js": {"path":"/Users/jorgeangelpaez/Desktop/clase41/test-suite/frontend/postcss.config.js","all":true,"statementMap":{"0":{"start":{"line":1,"column":0},"end":{"line":1,"column":16}},"1":{"start":{"line":2,"column":0},"end":{"line":2,"column":12}},"2":{"start":{"line":3,"column":0},"end":{"line":3,"column":20}},"3":{"start":{"line":4,"column":0},"end":{"line":4,"column":21}},"4":{"start":{"line":5,"column":0},"end":{"line":5,"column":4}},"5":{"start":{"line":6,"column":0},"end":{"line":6,"column":1}}},"s":{"0":0,"1":0,"2":0,"3":0,"4":0,"5":0},"branchMap":{"0":{"type":"branch","line":1,"loc":{"start":{"line":1,"column":79},"end":{"line":6,"column":1}},"locations":[{"start":{"line":1,"column":79},"end":{"line":6,"column":1}}]}},"b":{"0":[0]},"fnMap":{"0":{"name":"(empty-report)","decl":{"start":{"line":1,"column":79},"end":{"line":6,"column":1}},"loc":{"start":{"line":1,"column":79},"end":{"line":6,"column":1}},"line":1}},"f":{"0":0}}
,"/Users/jorgeangelpaez/Desktop/clase41/test-suite/frontend/tailwind.config.js": {"path":"/Users/jorgeangelpaez/Desktop/clase41/test-suite/frontend/tailwind.config.js","all":true,"statementMap":{"0":{"start":{"line":1,"column":0},"end":{"line":1,"column":43}},"1":{"start":{"line":2,"column":0},"end":{"line":2,"column":18}},"2":{"start":{"line":3,"column":0},"end":{"line":3,"column":12}},"3":{"start":{"line":4,"column":0},"end":{"line":4,"column":19}},"4":{"start":{"line":5,"column":0},"end":{"line":5,"column":33}},"5":{"start":{"line":6,"column":0},"end":{"line":6,"column":4}},"6":{"start":{"line":7,"column":0},"end":{"line":7,"column":10}},"7":{"start":{"line":8,"column":0},"end":{"line":8,"column":15}},"8":{"start":{"line":9,"column":0},"end":{"line":9,"column":4}},"9":{"start":{"line":10,"column":0},"end":{"line":10,"column":12}},"10":{"start":{"line":11,"column":0},"end":{"line":11,"column":39}},"11":{"start":{"line":12,"column":0},"end":{"line":12,"column":4}},"12":{"start":{"line":13,"column":0},"end":{"line":13,"column":1}}},"s":{"0":0,"1":0,"2":0,"3":0,"4":0,"5":0,"6":0,"7":0,"8":0,"9":0,"10":0,"11":0,"12":0},"branchMap":{"0":{"type":"branch","line":1,"loc":{"start":{"line":1,"column":226},"end":{"line":13,"column":1}},"locations":[{"start":{"line":1,"column":226},"end":{"line":13,"column":1}}]}},"b":{"0":[0]},"fnMap":{"0":{"name":"(empty-report)","decl":{"start":{"line":1,"column":226},"end":{"line":13,"column":1}},"loc":{"start":{"line":1,"column":226},"end":{"line":13,"column":1}},"line":1}},"f":{"0":0}}
,"/Users/jorgeangelpaez/Desktop/clase41/test-suite/frontend/src/App.jsx": {"path":"/Users/jorgeangelpaez/Desktop/clase41/test-suite/frontend/src/App.jsx","all":false,"statementMap":{"5":{"start":{"line":6,"column":0},"end":{"line":6,"column":26}},"7":{"start":{"line":8,"column":0},"end":{"line":8,"column":74}},"9":{"start":{"line":10,"column":0},"end":{"line":10,"column":77}},"10":{"start":{"line":11,"column":0},"end":{"line":11,"column":73}},"11":{"start":{"line":12,"column":0},"end":{"line":12,"column":65}},"12":{"start":{"line":13,"column":0},"end":{"line":13,"column":70}},"16":{"start":{"line":17,"column":0},"end":{"line":17,"column":16}},"17":{"start":{"line":18,"column":0},"end":{"line":18,"column":10}},"20":{"start":{"line":21,"column":0},"end":{"line":21,"column":12}},"22":{"start":{"line":23,"column":0},"end":{"line":23,"column":61}},"24":{"start":{"line":25,"column":0},"end":{"line":25,"column":18}},"27":{"start":{"line":28,"column":0},"end":{"line":28,"column":68}},"28":{"start":{"line":29,"column":0},"end":{"line":29,"column":18}},"30":{"start":{"line":31,"column":0},"end":{"line":31,"column":49}},"33":{"start":{"line":34,"column":0},"end":{"line":34,"column":61}},"37":{"start":{"line":38,"column":0},"end":{"line":38,"column":37}},"38":{"start":{"line":39,"column":0},"end":{"line":39,"column":58}},"39":{"start":{"line":40,"column":0},"end":{"line":40,"column":89}},"40":{"start":{"line":41,"column":0},"end":{"line":41,"column":80}},"41":{"start":{"line":42,"column":0},"end":{"line":42,"column":150}},"43":{"start":{"line":44,"column":0},"end":{"line":44,"column":20}},"44":{"start":{"line":45,"column":0},"end":{"line":45,"column":20}},"45":{"start":{"line":46,"column":0},"end":{"line":46,"column":16}},"46":{"start":{"line":47,"column":0},"end":{"line":47,"column":19}},"47":{"start":{"line":48,"column":0},"end":{"line":48,"column":15}},"50":{"start":{"line":51,"column":0},"end":{"line":51,"column":16}},"53":{"start":{"line":54,"column":0},"end":{"line":54,"column":64}},"54":{"start":{"line":55,"column":0},"end":{"line":55,"column":62}},"55":{"start":{"line":56,"column":0},"end":{"line":56,"column":90}},"56":{"start":{"line":57,"column":0},"end":{"line":57,"column":65}},"57":{"start":{"line":58,"column":0},"end":{"line":58,"column":16}},"58":{"start":{"line":59,"column":0},"end":{"line":59,"column":17}},"59":{"start":{"line":60,"column":0},"end":{"line":60,"column":12}},"60":{"start":{"line":61,"column":0},"end":{"line":61,"column":13}},"62":{"start":{"line":63,"column":0},"end":{"line":63,"column":1}},"64":{"start":{"line":65,"column":0},"end":{"line":65,"column":18}}},"s":{"5":1,"7":1,"9":1,"10":1,"11":1,"12":1,"16":11,"17":11,"20":11,"22":11,"24":11,"27":11,"28":11,"30":11,"33":11,"37":11,"38":11,"39":11,"40":11,"41":11,"43":11,"44":11,"45":11,"46":11,"47":11,"50":11,"53":11,"54":11,"55":11,"56":11,"57":11,"58":11,"59":11,"60":11,"62":11,"64":1},"branchMap":{"0":{"type":"branch","line":17,"loc":{"start":{"line":17,"column":0},"end":{"line":63,"column":1}},"locations":[{"start":{"line":17,"column":0},"end":{"line":63,"column":1}}]}},"b":{"0":[11]},"fnMap":{"0":{"name":"App","decl":{"start":{"line":17,"column":0},"end":{"line":63,"column":1}},"loc":{"start":{"line":17,"column":0},"end":{"line":63,"column":1}},"line":17}},"f":{"0":11}}
,"/Users/jorgeangelpaez/Desktop/clase41/test-suite/frontend/src/main.jsx": {"path":"/Users/jorgeangelpaez/Desktop/clase41/test-suite/frontend/src/main.jsx","all":true,"statementMap":{"0":{"start":{"line":1,"column":0},"end":{"line":1,"column":34}},"1":{"start":{"line":2,"column":0},"end":{"line":2,"column":45}},"2":{"start":{"line":3,"column":0},"end":{"line":3,"column":20}},"3":{"start":{"line":4,"column":0},"end":{"line":4,"column":27}},"5":{"start":{"line":6,"column":0},"end":{"line":6,"column":51}},"6":{"start":{"line":7,"column":0},"end":{"line":7,"column":14}},"7":{"start":{"line":8,"column":0},"end":{"line":8,"column":11}},"8":{"start":{"line":9,"column":0},"end":{"line":9,"column":16}},"9":{"start":{"line":10,"column":0},"end":{"line":10,"column":1}}},"s":{"0":0,"1":0,"2":0,"3":0,"5":0,"6":0,"7":0,"8":0,"9":0},"branchMap":{"0":{"type":"branch","line":1,"loc":{"start":{"line":1,"column":202},"end":{"line":10,"column":-147}},"locations":[{"start":{"line":1,"column":202},"end":{"line":10,"column":-147}}]}},"b":{"0":[0]},"fnMap":{"0":{"name":"(empty-report)","decl":{"start":{"line":1,"column":202},"end":{"line":10,"column":-147}},"loc":{"start":{"line":1,"column":202},"end":{"line":10,"column":-147}},"line":1}},"f":{"0":0}}
,"/Users/jorgeangelpaez/Desktop/clase41/test-suite/frontend/src/components/Cart.jsx": {"path":"/Users/jorgeangelpaez/Desktop/clase41/test-suite/frontend/src/components/Cart.jsx","all":false,"statementMap":{"5":{"start":{"line":6,"column":0},"end":{"line":6,"column":40}},"7":{"start":{"line":8,"column":0},"end":{"line":8,"column":53}},"9":{"start":{"line":10,"column":0},"end":{"line":10,"column":44}},"12":{"start":{"line":13,"column":0},"end":{"line":13,"column":20}},"14":{"start":{"line":15,"column":0},"end":{"line":15,"column":10}},"15":{"start":{"line":16,"column":0},"end":{"line":16,"column":86}},"16":{"start":{"line":17,"column":0},"end":{"line":17,"column":69}},"17":{"start":{"line":18,"column":0},"end":{"line":18,"column":64}},"18":{"start":{"line":19,"column":0},"end":{"line":19,"column":74}},"19":{"start":{"line":20,"column":0},"end":{"line":20,"column":68}},"20":{"start":{"line":21,"column":0},"end":{"line":21,"column":56}},"21":{"start":{"line":22,"column":0},"end":{"line":22,"column":68}},"22":{"start":{"line":23,"column":0},"end":{"line":23,"column":61}},"23":{"start":{"line":24,"column":0},"end":{"line":24,"column":62}},"24":{"start":{"line":25,"column":0},"end":{"line":25,"column":74}},"25":{"start":{"line":26,"column":0},"end":{"line":26,"column":21}},"29":{"start":{"line":30,"column":0},"end":{"line":30,"column":101}},"30":{"start":{"line":31,"column":0},"end":{"line":31,"column":99}},"31":{"start":{"line":32,"column":0},"end":{"line":32,"column":105}},"35":{"start":{"line":36,"column":0},"end":{"line":36,"column":34}},"36":{"start":{"line":37,"column":0},"end":{"line":37,"column":75}},"37":{"start":{"line":38,"column":0},"end":{"line":38,"column":46}},"38":{"start":{"line":39,"column":0},"end":{"line":39,"column":43}},"39":{"start":{"line":40,"column":0},"end":{"line":40,"column":65}},"40":{"start":{"line":41,"column":0},"end":{"line":41,"column":4}},"44":{"start":{"line":45,"column":0},"end":{"line":45,"column":38}},"46":{"start":{"line":47,"column":0},"end":{"line":47,"column":29}},"47":{"start":{"line":48,"column":0},"end":{"line":48,"column":83}},"48":{"start":{"line":49,"column":0},"end":{"line":49,"column":50}},"49":{"start":{"line":50,"column":0},"end":{"line":50,"column":5}},"52":{"start":{"line":53,"column":0},"end":{"line":53,"column":27}},"54":{"start":{"line":55,"column":0},"end":{"line":55,"column":27}},"56":{"start":{"line":57,"column":0},"end":{"line":57,"column":63}},"58":{"start":{"line":59,"column":0},"end":{"line":59,"column":39}},"62":{"start":{"line":63,"column":0},"end":{"line":63,"column":57}},"65":{"start":{"line":66,"column":0},"end":{"line":66,"column":58}},"66":{"start":{"line":67,"column":0},"end":{"line":67,"column":57}},"69":{"start":{"line":70,"column":0},"end":{"line":70,"column":18}},"73":{"start":{"line":74,"column":0},"end":{"line":74,"column":24}},"74":{"start":{"line":75,"column":0},"end":{"line":75,"column":60}},"75":{"start":{"line":76,"column":0},"end":{"line":76,"column":66}},"76":{"start":{"line":77,"column":0},"end":{"line":77,"column":38}},"78":{"start":{"line":79,"column":0},"end":{"line":79,"column":21}},"79":{"start":{"line":80,"column":0},"end":{"line":80,"column":52}},"80":{"start":{"line":81,"column":0},"end":{"line":81,"column":77}},"81":{"start":{"line":82,"column":0},"end":{"line":82,"column":15}},"82":{"start":{"line":83,"column":0},"end":{"line":83,"column":30}},"83":{"start":{"line":84,"column":0},"end":{"line":84,"column":5}},"84":{"start":{"line":85,"column":0},"end":{"line":85,"column":4}},"87":{"start":{"line":88,"column":0},"end":{"line":88,"column":33}},"88":{"start":{"line":89,"column":0},"end":{"line":89,"column":16}},"89":{"start":{"line":90,"column":0},"end":{"line":90,"column":27}},"90":{"start":{"line":91,"column":0},"end":{"line":91,"column":30}},"91":{"start":{"line":92,"column":0},"end":{"line":92,"column":4}},"94":{"start":{"line":95,"column":0},"end":{"line":95,"column":16}},"95":{"start":{"line":96,"column":0},"end":{"line":96,"column":16}},"96":{"start":{"line":97,"column":0},"end":{"line":97,"column":3}},"98":{"start":{"line":99,"column":0},"end":{"line":99,"column":10}},"99":{"start":{"line":100,"column":0},"end":{"line":100,"column":80}},"100":{"start":{"line":101,"column":0},"end":{"line":101,"column":85}},"102":{"start":{"line":103,"column":0},"end":{"line":103,"column":88}},"103":{"start":{"line":104,"column":0},"end":{"line":104,"column":48}},"105":{"start":{"line":106,"column":0},"end":{"line":106,"column":37}},"106":{"start":{"line":107,"column":0},"end":{"line":107,"column":80}},"108":{"start":{"line":109,"column":0},"end":{"line":109,"column":15}},"109":{"start":{"line":110,"column":0},"end":{"line":110,"column":18}},"110":{"start":{"line":111,"column":0},"end":{"line":111,"column":107}},"111":{"start":{"line":112,"column":0},"end":{"line":112,"column":37}},"112":{"start":{"line":113,"column":0},"end":{"line":113,"column":39}},"113":{"start":{"line":114,"column":0},"end":{"line":114,"column":11}},"115":{"start":{"line":116,"column":0},"end":{"line":116,"column":19}},"116":{"start":{"line":117,"column":0},"end":{"line":117,"column":14}},"119":{"start":{"line":120,"column":0},"end":{"line":120,"column":36}},"120":{"start":{"line":121,"column":0},"end":{"line":121,"column":33}},"122":{"start":{"line":123,"column":0},"end":{"line":123,"column":46}},"123":{"start":{"line":124,"column":0},"end":{"line":124,"column":73}},"124":{"start":{"line":125,"column":0},"end":{"line":125,"column":121}},"126":{"start":{"line":127,"column":0},"end":{"line":127,"column":23}},"127":{"start":{"line":128,"column":0},"end":{"line":128,"column":18}},"130":{"start":{"line":131,"column":0},"end":{"line":131,"column":14}},"131":{"start":{"line":132,"column":0},"end":{"line":132,"column":46}},"132":{"start":{"line":133,"column":0},"end":{"line":133,"column":38}},"133":{"start":{"line":134,"column":0},"end":{"line":134,"column":120}},"135":{"start":{"line":136,"column":0},"end":{"line":136,"column":25}},"136":{"start":{"line":137,"column":0},"end":{"line":137,"column":49}},"137":{"start":{"line":138,"column":0},"end":{"line":138,"column":48}},"138":{"start":{"line":139,"column":0},"end":{"line":139,"column":64}},"139":{"start":{"line":140,"column":0},"end":{"line":140,"column":39}},"140":{"start":{"line":141,"column":0},"end":{"line":141,"column":89}},"141":{"start":{"line":142,"column":0},"end":{"line":142,"column":24}},"142":{"start":{"line":143,"column":0},"end":{"line":143,"column":22}},"145":{"start":{"line":146,"column":0},"end":{"line":146,"column":44}},"146":{"start":{"line":147,"column":0},"end":{"line":147,"column":99}},"147":{"start":{"line":148,"column":0},"end":{"line":148,"column":59}},"148":{"start":{"line":149,"column":0},"end":{"line":149,"column":59}},"149":{"start":{"line":150,"column":0},"end":{"line":150,"column":26}},"150":{"start":{"line":151,"column":0},"end":{"line":151,"column":26}},"153":{"start":{"line":154,"column":0},"end":{"line":154,"column":61}},"154":{"start":{"line":155,"column":0},"end":{"line":155,"column":30}},"155":{"start":{"line":156,"column":0},"end":{"line":156,"column":68}},"156":{"start":{"line":157,"column":0},"end":{"line":157,"column":127}},"157":{"start":{"line":158,"column":0},"end":{"line":158,"column":57}},"158":{"start":{"line":159,"column":0},"end":{"line":159,"column":23}},"160":{"start":{"line":161,"column":0},"end":{"line":161,"column":31}},"161":{"start":{"line":162,"column":0},"end":{"line":162,"column":98}},"162":{"start":{"line":163,"column":0},"end":{"line":163,"column":30}},"163":{"start":{"line":164,"column":0},"end":{"line":164,"column":62}},"164":{"start":{"line":165,"column":0},"end":{"line":165,"column":127}},"165":{"start":{"line":166,"column":0},"end":{"line":166,"column":57}},"166":{"start":{"line":167,"column":0},"end":{"line":167,"column":23}},"168":{"start":{"line":169,"column":0},"end":{"line":169,"column":31}},"169":{"start":{"line":170,"column":0},"end":{"line":170,"column":30}},"170":{"start":{"line":171,"column":0},"end":{"line":171,"column":68}},"171":{"start":{"line":172,"column":0},"end":{"line":172,"column":80}},"172":{"start":{"line":173,"column":0},"end":{"line":173,"column":54}},"173":{"start":{"line":174,"column":0},"end":{"line":174,"column":23}},"175":{"start":{"line":176,"column":0},"end":{"line":176,"column":31}},"176":{"start":{"line":177,"column":0},"end":{"line":177,"column":26}},"179":{"start":{"line":180,"column":0},"end":{"line":180,"column":71}},"180":{"start":{"line":181,"column":0},"end":{"line":181,"column":73}},"181":{"start":{"line":182,"column":0},"end":{"line":182,"column":26}},"182":{"start":{"line":183,"column":0},"end":{"line":183,"column":24}},"183":{"start":{"line":184,"column":0},"end":{"line":184,"column":19}},"184":{"start":{"line":185,"column":0},"end":{"line":185,"column":20}},"187":{"start":{"line":188,"column":0},"end":{"line":188,"column":66}},"188":{"start":{"line":189,"column":0},"end":{"line":189,"column":67}},"189":{"start":{"line":190,"column":0},"end":{"line":190,"column":71}},"190":{"start":{"line":191,"column":0},"end":{"line":191,"column":100}},"191":{"start":{"line":192,"column":0},"end":{"line":192,"column":22}},"192":{"start":{"line":193,"column":0},"end":{"line":193,"column":20}},"195":{"start":{"line":196,"column":0},"end":{"line":196,"column":41}},"196":{"start":{"line":197,"column":0},"end":{"line":197,"column":24}},"197":{"start":{"line":198,"column":0},"end":{"line":198,"column":42}},"198":{"start":{"line":199,"column":0},"end":{"line":199,"column":125}},"199":{"start":{"line":200,"column":0},"end":{"line":200,"column":42}},"201":{"start":{"line":202,"column":0},"end":{"line":202,"column":72}},"202":{"start":{"line":203,"column":0},"end":{"line":203,"column":25}},"203":{"start":{"line":204,"column":0},"end":{"line":204,"column":24}},"204":{"start":{"line":205,"column":0},"end":{"line":205,"column":37}},"205":{"start":{"line":206,"column":0},"end":{"line":206,"column":138}},"206":{"start":{"line":207,"column":0},"end":{"line":207,"column":17}},"208":{"start":{"line":209,"column":0},"end":{"line":209,"column":25}},"209":{"start":{"line":210,"column":0},"end":{"line":210,"column":20}},"210":{"start":{"line":211,"column":0},"end":{"line":211,"column":15}},"214":{"start":{"line":215,"column":0},"end":{"line":215,"column":31}},"215":{"start":{"line":216,"column":0},"end":{"line":216,"column":43}},"216":{"start":{"line":217,"column":0},"end":{"line":217,"column":47}},"217":{"start":{"line":218,"column":0},"end":{"line":218,"column":41}},"218":{"start":{"line":219,"column":0},"end":{"line":219,"column":65}},"219":{"start":{"line":220,"column":0},"end":{"line":220,"column":65}},"220":{"start":{"line":221,"column":0},"end":{"line":221,"column":20}},"221":{"start":{"line":222,"column":0},"end":{"line":222,"column":18}},"225":{"start":{"line":226,"column":0},"end":{"line":226,"column":29}},"226":{"start":{"line":227,"column":0},"end":{"line":227,"column":43}},"227":{"start":{"line":228,"column":0},"end":{"line":228,"column":36}},"228":{"start":{"line":229,"column":0},"end":{"line":229,"column":22}},"229":{"start":{"line":230,"column":0},"end":{"line":230,"column":54}},"230":{"start":{"line":231,"column":0},"end":{"line":231,"column":43}},"231":{"start":{"line":232,"column":0},"end":{"line":232,"column":15}},"233":{"start":{"line":234,"column":0},"end":{"line":234,"column":23}},"234":{"start":{"line":235,"column":0},"end":{"line":235,"column":18}},"236":{"start":{"line":237,"column":0},"end":{"line":237,"column":14}},"237":{"start":{"line":238,"column":0},"end":{"line":238,"column":12}},"238":{"start":{"line":239,"column":0},"end":{"line":239,"column":10}},"240":{"start":{"line":241,"column":0},"end":{"line":241,"column":2}},"242":{"start":{"line":243,"column":0},"end":{"line":243,"column":20}}},"s":{"5":1,"7":1,"9":1,"12":1,"14":16,"15":16,"16":16,"17":16,"18":16,"19":16,"20":16,"21":16,"22":16,"23":16,"24":16,"25":16,"29":16,"30":16,"31":16,"35":16,"36":38,"37":38,"38":38,"39":38,"40":38,"44":16,"46":2,"47":0,"48":0,"49":0,"52":2,"54":2,"56":2,"58":2,"62":2,"65":1,"66":1,"69":1,"73":1,"74":0,"75":0,"76":1,"78":1,"79":1,"80":1,"81":2,"82":2,"83":2,"84":2,"87":16,"88":1,"89":1,"90":1,"91":1,"94":16,"95":1,"96":1,"98":15,"99":15,"100":15,"102":15,"103":15,"105":15,"106":12,"108":16,"109":16,"110":16,"111":16,"112":16,"113":16,"115":16,"116":16,"119":16,"120":16,"122":3,"123":3,"124":3,"126":3,"127":3,"130":12,"131":12,"132":12,"133":13,"135":13,"136":13,"137":13,"138":13,"139":13,"140":0,"141":0,"142":13,"145":13,"146":13,"147":13,"148":13,"149":13,"150":13,"153":13,"154":13,"155":13,"156":13,"157":13,"158":13,"160":13,"161":13,"162":13,"163":13,"164":13,"165":13,"166":13,"168":13,"169":13,"170":13,"171":13,"172":13,"173":13,"175":13,"176":13,"179":13,"180":13,"181":13,"182":13,"183":12,"184":12,"187":12,"188":12,"189":12,"190":12,"191":12,"192":12,"195":12,"196":12,"197":12,"198":12,"199":12,"201":12,"202":12,"203":12,"204":12,"205":12,"206":12,"208":12,"209":12,"210":12,"214":16,"215":1,"216":1,"217":1,"218":1,"219":1,"220":1,"221":1,"225":16,"226":1,"227":1,"228":1,"229":1,"230":1,"231":1,"233":1,"234":1,"236":16,"237":16,"238":16,"240":16,"242":1},"branchMap":{"0":{"type":"branch","line":13,"loc":{"start":{"line":13,"column":13},"end":{"line":241,"column":2}},"locations":[{"start":{"line":13,"column":13},"end":{"line":241,"column":2}}]},"1":{"type":"branch","line":95,"loc":{"start":{"line":95,"column":15},"end":{"line":97,"column":3}},"locations":[{"start":{"line":95,"column":15},"end":{"line":97,"column":3}}]},"2":{"type":"branch","line":97,"loc":{"start":{"line":97,"column":2},"end":{"line":106,"column":37}},"locations":[{"start":{"line":97,"column":2},"end":{"line":106,"column":37}}]},"3":{"type":"branch","line":106,"loc":{"start":{"line":106,"column":31},"end":{"line":107,"column":80}},"locations":[{"start":{"line":106,"column":31},"end":{"line":107,"column":80}}]},"4":{"type":"branch","line":121,"loc":{"start":{"line":121,"column":28},"end":{"line":128,"column":18}},"locations":[{"start":{"line":121,"column":28},"end":{"line":128,"column":18}}]},"5":{"type":"branch","line":128,"loc":{"start":{"line":128,"column":12},"end":{"line":211,"column":15}},"locations":[{"start":{"line":128,"column":12},"end":{"line":211,"column":15}}]},"6":{"type":"branch","line":202,"loc":{"start":{"line":202,"column":19},"end":{"line":202,"column":53}},"locations":[{"start":{"line":202,"column":19},"end":{"line":202,"column":53}}]},"7":{"type":"branch","line":202,"loc":{"start":{"line":202,"column":35},"end":{"line":202,"column":72}},"locations":[{"start":{"line":202,"column":35},"end":{"line":202,"column":72}}]},"8":{"type":"branch","line":215,"loc":{"start":{"line":215,"column":11},"end":{"line":222,"column":18}},"locations":[{"start":{"line":215,"column":11},"end":{"line":222,"column":18}}]},"9":{"type":"branch","line":226,"loc":{"start":{"line":226,"column":11},"end":{"line":235,"column":18}},"locations":[{"start":{"line":226,"column":11},"end":{"line":235,"column":18}}]},"10":{"type":"branch","line":36,"loc":{"start":{"line":36,"column":22},"end":{"line":41,"column":4}},"locations":[{"start":{"line":36,"column":22},"end":{"line":41,"column":4}}]},"11":{"type":"branch","line":45,"loc":{"start":{"line":45,"column":25},"end":{"line":85,"column":4}},"locations":[{"start":{"line":45,"column":25},"end":{"line":85,"column":4}}]},"12":{"type":"branch","line":47,"loc":{"start":{"line":47,"column":28},"end":{"line":50,"column":5}},"locations":[{"start":{"line":47,"column":28},"end":{"line":50,"column":5}}]},"13":{"type":"branch","line":63,"loc":{"start":{"line":63,"column":55},"end":{"line":82,"column":6}},"locations":[{"start":{"line":63,"column":55},"end":{"line":82,"column":6}}]},"14":{"type":"branch","line":88,"loc":{"start":{"line":88,"column":26},"end":{"line":92,"column":4}},"locations":[{"start":{"line":88,"column":26},"end":{"line":92,"column":4}}]},"15":{"type":"branch","line":133,"loc":{"start":{"line":133,"column":27},"end":{"line":183,"column":24}},"locations":[{"start":{"line":133,"column":27},"end":{"line":183,"column":24}}]},"16":{"type":"branch","line":156,"loc":{"start":{"line":156,"column":33},"end":{"line":156,"column":68}},"locations":[{"start":{"line":156,"column":33},"end":{"line":156,"column":68}}]},"17":{"type":"branch","line":164,"loc":{"start":{"line":164,"column":33},"end":{"line":164,"column":62}},"locations":[{"start":{"line":164,"column":33},"end":{"line":164,"column":62}}]},"18":{"type":"branch","line":171,"loc":{"start":{"line":171,"column":33},"end":{"line":171,"column":68}},"locations":[{"start":{"line":171,"column":33},"end":{"line":171,"column":68}}]}},"b":{"0":[16],"1":[1],"2":[15],"3":[12],"4":[3],"5":[12],"6":[2],"7":[10],"8":[1],"9":[1],"10":[38],"11":[2],"12":[0],"13":[1],"14":[1],"15":[13],"16":[1],"17":[1],"18":[1]},"fnMap":{"0":{"name":"Cart","decl":{"start":{"line":13,"column":13},"end":{"line":241,"column":2}},"loc":{"start":{"line":13,"column":13},"end":{"line":241,"column":2}},"line":13},"1":{"name":"formatPrice","decl":{"start":{"line":36,"column":22},"end":{"line":41,"column":4}},"loc":{"start":{"line":36,"column":22},"end":{"line":41,"column":4}},"line":36},"2":{"name":"handleCheckout","decl":{"start":{"line":45,"column":25},"end":{"line":85,"column":4}},"loc":{"start":{"line":45,"column":25},"end":{"line":85,"column":4}},"line":45},"3":{"name":"handleCloseCart","decl":{"start":{"line":88,"column":26},"end":{"line":92,"column":4}},"loc":{"start":{"line":88,"column":26},"end":{"line":92,"column":4}},"line":88},"4":{"name":"onError","decl":{"start":{"line":140,"column":31},"end":{"line":142,"column":24}},"loc":{"start":{"line":140,"column":31},"end":{"line":142,"column":24}},"line":140},"5":{"name":"onClick","decl":{"start":{"line":156,"column":33},"end":{"line":156,"column":68}},"loc":{"start":{"line":156,"column":33},"end":{"line":156,"column":68}},"line":156},"6":{"name":"onClick","decl":{"start":{"line":164,"column":33},"end":{"line":164,"column":62}},"loc":{"start":{"line":164,"column":33},"end":{"line":164,"column":62}},"line":164},"7":{"name":"onClick","decl":{"start":{"line":171,"column":33},"end":{"line":171,"column":68}},"loc":{"start":{"line":171,"column":33},"end":{"line":171,"column":68}},"line":171},"8":{"name":"onClick","decl":{"start":{"line":230,"column":25},"end":{"line":230,"column":54}},"loc":{"start":{"line":230,"column":25},"end":{"line":230,"column":54}},"line":230}},"f":{"0":16,"1":38,"2":2,"3":1,"4":0,"5":1,"6":1,"7":1,"8":0}}
,"/Users/jorgeangelpaez/Desktop/clase41/test-suite/frontend/src/components/Header.jsx": {"path":"/Users/jorgeangelpaez/Desktop/clase41/test-suite/frontend/src/components/Header.jsx","all":false,"statementMap":{"5":{"start":{"line":6,"column":0},"end":{"line":6,"column":26}},"7":{"start":{"line":8,"column":0},"end":{"line":8,"column":53}},"9":{"start":{"line":10,"column":0},"end":{"line":10,"column":53}},"12":{"start":{"line":13,"column":0},"end":{"line":13,"column":22}},"14":{"start":{"line":15,"column":0},"end":{"line":15,"column":33}},"19":{"start":{"line":20,"column":0},"end":{"line":20,"column":55}},"23":{"start":{"line":24,"column":0},"end":{"line":24,"column":37}},"26":{"start":{"line":27,"column":0},"end":{"line":27,"column":10}},"28":{"start":{"line":29,"column":0},"end":{"line":29,"column":60}},"30":{"start":{"line":31,"column":0},"end":{"line":31,"column":85}},"32":{"start":{"line":33,"column":0},"end":{"line":33,"column":39}},"34":{"start":{"line":35,"column":0},"end":{"line":35,"column":92}},"36":{"start":{"line":37,"column":0},"end":{"line":37,"column":72}},"38":{"start":{"line":39,"column":0},"end":{"line":39,"column":81}},"39":{"start":{"line":40,"column":0},"end":{"line":40,"column":17}},"40":{"start":{"line":41,"column":0},"end":{"line":41,"column":14}},"43":{"start":{"line":44,"column":0},"end":{"line":44,"column":40}},"45":{"start":{"line":46,"column":0},"end":{"line":46,"column":41}},"47":{"start":{"line":48,"column":0},"end":{"line":48,"column":16}},"48":{"start":{"line":49,"column":0},"end":{"line":49,"column":20}},"49":{"start":{"line":50,"column":0},"end":{"line":50,"column":41}},"51":{"start":{"line":52,"column":0},"end":{"line":52,"column":91}},"52":{"start":{"line":53,"column":0},"end":{"line":53,"column":44}},"53":{"start":{"line":54,"column":0},"end":{"line":54,"column":47}},"54":{"start":{"line":55,"column":0},"end":{"line":55,"column":57}},"55":{"start":{"line":56,"column":0},"end":{"line":56,"column":19}},"56":{"start":{"line":57,"column":0},"end":{"line":57,"column":15}},"58":{"start":{"line":59,"column":0},"end":{"line":59,"column":21}},"59":{"start":{"line":60,"column":0},"end":{"line":60,"column":17}},"61":{"start":{"line":62,"column":0},"end":{"line":62,"column":16}},"62":{"start":{"line":63,"column":0},"end":{"line":63,"column":20}},"63":{"start":{"line":64,"column":0},"end":{"line":64,"column":63}},"64":{"start":{"line":65,"column":0},"end":{"line":65,"column":91}},"65":{"start":{"line":66,"column":0},"end":{"line":66,"column":52}},"66":{"start":{"line":67,"column":0},"end":{"line":67,"column":47}},"67":{"start":{"line":68,"column":0},"end":{"line":68,"column":57}},"68":{"start":{"line":69,"column":0},"end":{"line":69,"column":19}},"69":{"start":{"line":70,"column":0},"end":{"line":70,"column":15}},"71":{"start":{"line":72,"column":0},"end":{"line":72,"column":21}},"72":{"start":{"line":73,"column":0},"end":{"line":73,"column":17}},"73":{"start":{"line":74,"column":0},"end":{"line":74,"column":15}},"74":{"start":{"line":75,"column":0},"end":{"line":75,"column":14}},"77":{"start":{"line":78,"column":0},"end":{"line":78,"column":43}},"78":{"start":{"line":79,"column":0},"end":{"line":79,"column":18}},"79":{"start":{"line":80,"column":0},"end":{"line":80,"column":165}},"80":{"start":{"line":81,"column":0},"end":{"line":81,"column":98}},"81":{"start":{"line":82,"column":0},"end":{"line":82,"column":105}},"84":{"start":{"line":85,"column":0},"end":{"line":85,"column":49}},"87":{"start":{"line":88,"column":0},"end":{"line":88,"column":86}},"88":{"start":{"line":89,"column":0},"end":{"line":89,"column":151}},"89":{"start":{"line":90,"column":0},"end":{"line":90,"column":69}},"90":{"start":{"line":91,"column":0},"end":{"line":91,"column":21}},"94":{"start":{"line":95,"column":0},"end":{"line":95,"column":46}},"97":{"start":{"line":98,"column":0},"end":{"line":98,"column":52}},"98":{"start":{"line":99,"column":0},"end":{"line":99,"column":19}},"99":{"start":{"line":100,"column":0},"end":{"line":100,"column":19}},"100":{"start":{"line":101,"column":0},"end":{"line":101,"column":14}},"102":{"start":{"line":103,"column":0},"end":{"line":103,"column":12}},"104":{"start":{"line":105,"column":0},"end":{"line":105,"column":13}},"106":{"start":{"line":107,"column":0},"end":{"line":107,"column":38}},"109":{"start":{"line":110,"column":0},"end":{"line":110,"column":22}}},"s":{"5":1,"7":1,"9":1,"12":1,"14":8,"19":8,"23":8,"26":8,"28":8,"30":8,"32":8,"34":8,"36":8,"38":8,"39":8,"40":8,"43":8,"45":8,"47":8,"48":8,"49":8,"51":8,"52":8,"53":8,"54":0,"55":8,"56":8,"58":8,"59":8,"61":8,"62":8,"63":8,"64":8,"65":8,"66":0,"67":8,"68":8,"69":8,"71":8,"72":8,"73":8,"74":8,"77":8,"78":8,"79":8,"80":8,"81":8,"84":8,"87":8,"88":2,"89":2,"90":2,"94":8,"97":8,"98":8,"99":8,"100":8,"102":8,"104":8,"106":8,"109":1},"branchMap":{"0":{"type":"branch","line":13,"loc":{"start":{"line":13,"column":15},"end":{"line":107,"column":38}},"locations":[{"start":{"line":13,"column":15},"end":{"line":107,"column":38}}]},"1":{"type":"branch","line":54,"loc":{"start":{"line":54,"column":22},"end":{"line":55,"column":57}},"locations":[{"start":{"line":54,"column":22},"end":{"line":55,"column":57}}]},"2":{"type":"branch","line":66,"loc":{"start":{"line":66,"column":40},"end":{"line":67,"column":47}},"locations":[{"start":{"line":66,"column":40},"end":{"line":67,"column":47}}]},"3":{"type":"branch","line":88,"loc":{"start":{"line":88,"column":26},"end":{"line":91,"column":21}},"locations":[{"start":{"line":88,"column":26},"end":{"line":91,"column":21}}]},"4":{"type":"branch","line":98,"loc":{"start":{"line":98,"column":28},"end":{"line":98,"column":52}},"locations":[{"start":{"line":98,"column":28},"end":{"line":98,"column":52}}]}},"b":{"0":[8],"1":[0],"2":[0],"3":[2],"4":[2]},"fnMap":{"0":{"name":"Header","decl":{"start":{"line":13,"column":15},"end":{"line":107,"column":38}},"loc":{"start":{"line":13,"column":15},"end":{"line":107,"column":38}},"line":13}},"f":{"0":8}}
,"/Users/jorgeangelpaez/Desktop/clase41/test-suite/frontend/src/components/ProductCard.jsx": {"path":"/Users/jorgeangelpaez/Desktop/clase41/test-suite/frontend/src/components/ProductCard.jsx","all":false,"statementMap":{"5":{"start":{"line":6,"column":0},"end":{"line":6,"column":26}},"7":{"start":{"line":8,"column":0},"end":{"line":8,"column":53}},"10":{"start":{"line":11,"column":0},"end":{"line":11,"column":38}},"14":{"start":{"line":15,"column":0},"end":{"line":15,"column":57}},"18":{"start":{"line":19,"column":0},"end":{"line":19,"column":33}},"19":{"start":{"line":20,"column":0},"end":{"line":20,"column":91}},"21":{"start":{"line":22,"column":0},"end":{"line":22,"column":4}},"25":{"start":{"line":26,"column":0},"end":{"line":26,"column":34}},"26":{"start":{"line":27,"column":0},"end":{"line":27,"column":79}},"27":{"start":{"line":28,"column":0},"end":{"line":28,"column":46}},"28":{"start":{"line":29,"column":0},"end":{"line":29,"column":43}},"29":{"start":{"line":30,"column":0},"end":{"line":30,"column":68}},"30":{"start":{"line":31,"column":0},"end":{"line":31,"column":4}},"32":{"start":{"line":33,"column":0},"end":{"line":33,"column":10}},"34":{"start":{"line":35,"column":0},"end":{"line":35,"column":145}},"36":{"start":{"line":37,"column":0},"end":{"line":37,"column":53}},"37":{"start":{"line":38,"column":0},"end":{"line":38,"column":13}},"38":{"start":{"line":39,"column":0},"end":{"line":39,"column":31}},"39":{"start":{"line":40,"column":0},"end":{"line":40,"column":30}},"40":{"start":{"line":41,"column":0},"end":{"line":41,"column":60}},"41":{"start":{"line":42,"column":0},"end":{"line":42,"column":48}},"42":{"start":{"line":43,"column":0},"end":{"line":43,"column":27}},"44":{"start":{"line":45,"column":0},"end":{"line":45,"column":79}},"45":{"start":{"line":46,"column":0},"end":{"line":46,"column":12}},"46":{"start":{"line":47,"column":0},"end":{"line":47,"column":10}},"47":{"start":{"line":48,"column":0},"end":{"line":48,"column":12}},"50":{"start":{"line":51,"column":0},"end":{"line":51,"column":37}},"52":{"start":{"line":53,"column":0},"end":{"line":53,"column":108}},"55":{"start":{"line":56,"column":0},"end":{"line":56,"column":83}},"58":{"start":{"line":59,"column":0},"end":{"line":59,"column":92}},"59":{"start":{"line":60,"column":0},"end":{"line":60,"column":12}},"62":{"start":{"line":63,"column":0},"end":{"line":63,"column":32}},"63":{"start":{"line":64,"column":0},"end":{"line":64,"column":16}},"64":{"start":{"line":65,"column":0},"end":{"line":65,"column":172}},"65":{"start":{"line":66,"column":0},"end":{"line":66,"column":35}},"66":{"start":{"line":67,"column":0},"end":{"line":67,"column":61}},"67":{"start":{"line":68,"column":0},"end":{"line":68,"column":9}},"69":{"start":{"line":70,"column":0},"end":{"line":70,"column":17}},"70":{"start":{"line":71,"column":0},"end":{"line":71,"column":12}},"71":{"start":{"line":72,"column":0},"end":{"line":72,"column":10}},"73":{"start":{"line":74,"column":0},"end":{"line":74,"column":2}},"75":{"start":{"line":76,"column":0},"end":{"line":76,"column":27}}},"s":{"5":1,"7":1,"10":1,"14":6,"18":6,"19":1,"21":1,"25":6,"26":6,"27":6,"28":6,"29":6,"30":6,"32":6,"34":6,"36":6,"37":6,"38":6,"39":6,"40":6,"41":6,"42":6,"44":1,"45":1,"46":6,"47":6,"50":6,"52":6,"55":6,"58":6,"59":6,"62":6,"63":6,"64":6,"65":6,"66":6,"67":6,"69":6,"70":6,"71":6,"73":6,"75":1},"branchMap":{"0":{"type":"branch","line":11,"loc":{"start":{"line":11,"column":20},"end":{"line":74,"column":2}},"locations":[{"start":{"line":11,"column":20},"end":{"line":74,"column":2}}]},"1":{"type":"branch","line":19,"loc":{"start":{"line":19,"column":26},"end":{"line":22,"column":4}},"locations":[{"start":{"line":19,"column":26},"end":{"line":22,"column":4}}]},"2":{"type":"branch","line":26,"loc":{"start":{"line":26,"column":22},"end":{"line":31,"column":4}},"locations":[{"start":{"line":26,"column":22},"end":{"line":31,"column":4}}]},"3":{"type":"branch","line":43,"loc":{"start":{"line":43,"column":19},"end":{"line":46,"column":12}},"locations":[{"start":{"line":43,"column":19},"end":{"line":46,"column":12}}]}},"b":{"0":[6],"1":[1],"2":[6],"3":[1]},"fnMap":{"0":{"name":"ProductCard","decl":{"start":{"line":11,"column":20},"end":{"line":74,"column":2}},"loc":{"start":{"line":11,"column":20},"end":{"line":74,"column":2}},"line":11},"1":{"name":"handleAddToCart","decl":{"start":{"line":19,"column":26},"end":{"line":22,"column":4}},"loc":{"start":{"line":19,"column":26},"end":{"line":22,"column":4}},"line":19},"2":{"name":"formatPrice","decl":{"start":{"line":26,"column":22},"end":{"line":31,"column":4}},"loc":{"start":{"line":26,"column":22},"end":{"line":31,"column":4}},"line":26},"3":{"name":"onError","decl":{"start":{"line":43,"column":19},"end":{"line":46,"column":12}},"loc":{"start":{"line":43,"column":19},"end":{"line":46,"column":12}},"line":43}},"f":{"0":6,"1":1,"2":6,"3":1}}
,"/Users/jorgeangelpaez/Desktop/clase41/test-suite/frontend/src/components/ProductList.jsx": {"path":"/Users/jorgeangelpaez/Desktop/clase41/test-suite/frontend/src/components/ProductList.jsx","all":false,"statementMap":{"2":{"start":{"line":3,"column":0},"end":{"line":3,"column":51}},"3":{"start":{"line":4,"column":0},"end":{"line":4,"column":46}},"4":{"start":{"line":5,"column":0},"end":{"line":5,"column":40}},"6":{"start":{"line":7,"column":0},"end":{"line":7,"column":27}},"8":{"start":{"line":9,"column":0},"end":{"line":9,"column":47}},"9":{"start":{"line":10,"column":0},"end":{"line":10,"column":47}},"10":{"start":{"line":11,"column":0},"end":{"line":11,"column":43}},"13":{"start":{"line":14,"column":0},"end":{"line":14,"column":19}},"14":{"start":{"line":15,"column":0},"end":{"line":15,"column":38}},"15":{"start":{"line":16,"column":0},"end":{"line":16,"column":11}},"16":{"start":{"line":17,"column":0},"end":{"line":17,"column":25}},"17":{"start":{"line":18,"column":0},"end":{"line":18,"column":23}},"20":{"start":{"line":21,"column":0},"end":{"line":21,"column":48}},"21":{"start":{"line":22,"column":0},"end":{"line":22,"column":26}},"22":{"start":{"line":23,"column":0},"end":{"line":23,"column":21}},"23":{"start":{"line":24,"column":0},"end":{"line":24,"column":54}},"24":{"start":{"line":25,"column":0},"end":{"line":25,"column":95}},"25":{"start":{"line":26,"column":0},"end":{"line":26,"column":17}},"26":{"start":{"line":27,"column":0},"end":{"line":27,"column":26}},"27":{"start":{"line":28,"column":0},"end":{"line":28,"column":7}},"28":{"start":{"line":29,"column":0},"end":{"line":29,"column":6}},"30":{"start":{"line":31,"column":0},"end":{"line":31,"column":19}},"31":{"start":{"line":32,"column":0},"end":{"line":32,"column":64}},"34":{"start":{"line":35,"column":0},"end":{"line":35,"column":29}},"35":{"start":{"line":36,"column":0},"end":{"line":36,"column":19}},"36":{"start":{"line":37,"column":0},"end":{"line":37,"column":21}},"38":{"start":{"line":39,"column":0},"end":{"line":39,"column":22}},"39":{"start":{"line":40,"column":0},"end":{"line":40,"column":40}},"40":{"start":{"line":41,"column":0},"end":{"line":41,"column":13}},"41":{"start":{"line":42,"column":0},"end":{"line":42,"column":50}},"42":{"start":{"line":43,"column":0},"end":{"line":43,"column":28}},"43":{"start":{"line":44,"column":0},"end":{"line":44,"column":23}},"44":{"start":{"line":45,"column":0},"end":{"line":45,"column":97}},"45":{"start":{"line":46,"column":0},"end":{"line":46,"column":19}},"46":{"start":{"line":47,"column":0},"end":{"line":47,"column":28}},"47":{"start":{"line":48,"column":0},"end":{"line":48,"column":9}},"48":{"start":{"line":49,"column":0},"end":{"line":49,"column":8}},"49":{"start":{"line":50,"column":0},"end":{"line":50,"column":21}},"50":{"start":{"line":51,"column":0},"end":{"line":51,"column":12}},"51":{"start":{"line":52,"column":0},"end":{"line":52,"column":4}},"54":{"start":{"line":55,"column":0},"end":{"line":55,"column":16}},"55":{"start":{"line":56,"column":0},"end":{"line":56,"column":12}},"56":{"start":{"line":57,"column":0},"end":{"line":57,"column":80}},"58":{"start":{"line":59,"column":0},"end":{"line":59,"column":92}},"59":{"start":{"line":60,"column":0},"end":{"line":60,"column":70}},"60":{"start":{"line":61,"column":0},"end":{"line":61,"column":12}},"62":{"start":{"line":63,"column":0},"end":{"line":63,"column":3}},"64":{"start":{"line":65,"column":0},"end":{"line":65,"column":14}},"65":{"start":{"line":66,"column":0},"end":{"line":66,"column":12}},"66":{"start":{"line":67,"column":0},"end":{"line":67,"column":109}},"67":{"start":{"line":68,"column":0},"end":{"line":68,"column":86}},"68":{"start":{"line":69,"column":0},"end":{"line":69,"column":55}},"69":{"start":{"line":70,"column":0},"end":{"line":70,"column":16}},"70":{"start":{"line":71,"column":0},"end":{"line":71,"column":32}},"71":{"start":{"line":72,"column":0},"end":{"line":72,"column":113}},"72":{"start":{"line":73,"column":0},"end":{"line":73,"column":9}},"74":{"start":{"line":75,"column":0},"end":{"line":75,"column":17}},"75":{"start":{"line":76,"column":0},"end":{"line":76,"column":71}},"77":{"start":{"line":78,"column":0},"end":{"line":78,"column":16}},"78":{"start":{"line":79,"column":0},"end":{"line":79,"column":113}},"79":{"start":{"line":80,"column":0},"end":{"line":80,"column":14}},"80":{"start":{"line":81,"column":0},"end":{"line":81,"column":12}},"82":{"start":{"line":83,"column":0},"end":{"line":83,"column":3}},"84":{"start":{"line":85,"column":0},"end":{"line":85,"column":30}},"85":{"start":{"line":86,"column":0},"end":{"line":86,"column":12}},"86":{"start":{"line":87,"column":0},"end":{"line":87,"column":50}},"87":{"start":{"line":88,"column":0},"end":{"line":88,"column":93}},"88":{"start":{"line":89,"column":0},"end":{"line":89,"column":106}},"89":{"start":{"line":90,"column":0},"end":{"line":90,"column":16}},"90":{"start":{"line":91,"column":0},"end":{"line":91,"column":32}},"91":{"start":{"line":92,"column":0},"end":{"line":92,"column":113}},"92":{"start":{"line":93,"column":0},"end":{"line":93,"column":9}},"94":{"start":{"line":95,"column":0},"end":{"line":95,"column":17}},"95":{"start":{"line":96,"column":0},"end":{"line":96,"column":12}},"97":{"start":{"line":98,"column":0},"end":{"line":98,"column":3}},"100":{"start":{"line":101,"column":0},"end":{"line":101,"column":10}},"101":{"start":{"line":102,"column":0},"end":{"line":102,"column":9}},"103":{"start":{"line":104,"column":0},"end":{"line":104,"column":91}},"104":{"start":{"line":105,"column":0},"end":{"line":105,"column":36}},"105":{"start":{"line":106,"column":0},"end":{"line":106,"column":23}},"106":{"start":{"line":107,"column":0},"end":{"line":107,"column":29}},"107":{"start":{"line":108,"column":0},"end":{"line":108,"column":30}},"108":{"start":{"line":109,"column":0},"end":{"line":109,"column":12}},"109":{"start":{"line":110,"column":0},"end":{"line":110,"column":11}},"110":{"start":{"line":111,"column":0},"end":{"line":111,"column":12}},"111":{"start":{"line":112,"column":0},"end":{"line":112,"column":10}},"113":{"start":{"line":114,"column":0},"end":{"line":114,"column":2}},"115":{"start":{"line":116,"column":0},"end":{"line":116,"column":27}}},"s":{"2":1,"3":1,"4":1,"6":1,"8":24,"9":24,"10":24,"13":24,"14":10,"15":10,"16":10,"17":10,"20":10,"21":6,"22":10,"23":3,"24":3,"25":10,"26":9,"27":9,"28":10,"30":10,"31":24,"34":24,"35":2,"36":2,"38":2,"39":2,"40":2,"41":2,"42":2,"43":2,"44":0,"45":2,"46":2,"47":2,"48":2,"49":2,"50":2,"51":2,"54":24,"55":12,"56":12,"58":12,"59":12,"60":12,"62":12,"64":24,"65":3,"66":3,"67":3,"68":3,"69":3,"70":3,"71":3,"72":3,"74":3,"75":3,"77":3,"78":3,"79":3,"80":3,"82":3,"84":24,"85":2,"86":2,"87":2,"88":2,"89":2,"90":2,"91":2,"92":2,"94":2,"95":2,"97":2,"100":7,"101":7,"103":7,"104":7,"105":21,"106":21,"107":21,"108":21,"109":7,"110":7,"111":7,"113":7,"115":1},"branchMap":{"0":{"type":"branch","line":7,"loc":{"start":{"line":7,"column":20},"end":{"line":114,"column":2}},"locations":[{"start":{"line":7,"column":20},"end":{"line":114,"column":2}}]},"1":{"type":"branch","line":55,"loc":{"start":{"line":55,"column":15},"end":{"line":65,"column":13}},"locations":[{"start":{"line":55,"column":15},"end":{"line":65,"column":13}}]},"2":{"type":"branch","line":65,"loc":{"start":{"line":65,"column":13},"end":{"line":83,"column":3}},"locations":[{"start":{"line":65,"column":13},"end":{"line":83,"column":3}}]},"3":{"type":"branch","line":83,"loc":{"start":{"line":83,"column":2},"end":{"line":85,"column":29}},"locations":[{"start":{"line":83,"column":2},"end":{"line":85,"column":29}}]},"4":{"type":"branch","line":85,"loc":{"start":{"line":85,"column":29},"end":{"line":98,"column":3}},"locations":[{"start":{"line":85,"column":29},"end":{"line":98,"column":3}}]},"5":{"type":"branch","line":98,"loc":{"start":{"line":98,"column":2},"end":{"line":114,"column":2}},"locations":[{"start":{"line":98,"column":2},"end":{"line":114,"column":2}}]},"6":{"type":"branch","line":14,"loc":{"start":{"line":14,"column":12},"end":{"line":32,"column":5}},"locations":[{"start":{"line":14,"column":12},"end":{"line":32,"column":5}}]},"7":{"type":"branch","line":15,"loc":{"start":{"line":15,"column":25},"end":{"line":29,"column":6}},"locations":[{"start":{"line":15,"column":25},"end":{"line":29,"column":6}}]},"8":{"type":"branch","line":21,"loc":{"start":{"line":21,"column":46},"end":{"line":23,"column":15}},"locations":[{"start":{"line":21,"column":46},"end":{"line":23,"column":15}}]},"9":{"type":"branch","line":23,"loc":{"start":{"line":23,"column":6},"end":{"line":26,"column":8}},"locations":[{"start":{"line":23,"column":6},"end":{"line":26,"column":8}}]},"10":{"type":"branch","line":26,"loc":{"start":{"line":26,"column":6},"end":{"line":28,"column":7}},"locations":[{"start":{"line":26,"column":6},"end":{"line":28,"column":7}}]},"11":{"type":"branch","line":35,"loc":{"start":{"line":35,"column":22},"end":{"line":52,"column":4}},"locations":[{"start":{"line":35,"column":22},"end":{"line":52,"column":4}}]},"12":{"type":"branch","line":39,"loc":{"start":{"line":39,"column":15},"end":{"line":51,"column":7}},"locations":[{"start":{"line":39,"column":15},"end":{"line":51,"column":7}}]},"13":{"type":"branch","line":40,"loc":{"start":{"line":40,"column":27},"end":{"line":49,"column":8}},"locations":[{"start":{"line":40,"column":27},"end":{"line":49,"column":8}}]},"14":{"type":"branch","line":44,"loc":{"start":{"line":44,"column":8},"end":{"line":46,"column":10}},"locations":[{"start":{"line":44,"column":8},"end":{"line":46,"column":10}}]},"15":{"type":"branch","line":105,"loc":{"start":{"line":105,"column":22},"end":{"line":109,"column":12}},"locations":[{"start":{"line":105,"column":22},"end":{"line":109,"column":12}}]}},"b":{"0":[24],"1":[12],"2":[3],"3":[9],"4":[2],"5":[7],"6":[10],"7":[10],"8":[6],"9":[3],"10":[9],"11":[2],"12":[2],"13":[2],"14":[0],"15":[21]},"fnMap":{"0":{"name":"ProductList","decl":{"start":{"line":7,"column":20},"end":{"line":114,"column":2}},"loc":{"start":{"line":7,"column":20},"end":{"line":114,"column":2}},"line":7},"1":{"name":"loadProducts","decl":{"start":{"line":15,"column":25},"end":{"line":29,"column":6}},"loc":{"start":{"line":15,"column":25},"end":{"line":29,"column":6}},"line":15},"2":{"name":"handleRetry","decl":{"start":{"line":35,"column":22},"end":{"line":52,"column":4}},"loc":{"start":{"line":35,"column":22},"end":{"line":52,"column":4}},"line":35},"3":{"name":"loadProducts","decl":{"start":{"line":40,"column":27},"end":{"line":49,"column":8}},"loc":{"start":{"line":40,"column":27},"end":{"line":49,"column":8}},"line":40}},"f":{"0":24,"1":10,"2":2,"3":2}}
,"/Users/jorgeangelpaez/Desktop/clase41/test-suite/frontend/src/pages/About.jsx": {"path":"/Users/jorgeangelpaez/Desktop/clase41/test-suite/frontend/src/pages/About.jsx","all":true,"statementMap":{"2":{"start":{"line":3,"column":0},"end":{"line":3,"column":26}},"4":{"start":{"line":5,"column":0},"end":{"line":5,"column":21}},"5":{"start":{"line":6,"column":0},"end":{"line":6,"column":10}},"6":{"start":{"line":7,"column":0},"end":{"line":7,"column":32}},"8":{"start":{"line":9,"column":0},"end":{"line":9,"column":35}},"9":{"start":{"line":10,"column":0},"end":{"line":10,"column":36}},"10":{"start":{"line":11,"column":0},"end":{"line":11,"column":69}},"11":{"start":{"line":12,"column":0},"end":{"line":12,"column":12}},"14":{"start":{"line":15,"column":0},"end":{"line":15,"column":41}},"15":{"start":{"line":16,"column":0},"end":{"line":16,"column":39}},"16":{"start":{"line":17,"column":0},"end":{"line":17,"column":38}},"17":{"start":{"line":18,"column":0},"end":{"line":18,"column":37}},"18":{"start":{"line":19,"column":0},"end":{"line":19,"column":15}},"22":{"start":{"line":23,"column":0},"end":{"line":23,"column":16}},"23":{"start":{"line":24,"column":0},"end":{"line":24,"column":15}},"27":{"start":{"line":28,"column":0},"end":{"line":28,"column":16}},"28":{"start":{"line":29,"column":0},"end":{"line":29,"column":15}},"32":{"start":{"line":33,"column":0},"end":{"line":33,"column":16}},"33":{"start":{"line":34,"column":0},"end":{"line":34,"column":16}},"34":{"start":{"line":35,"column":0},"end":{"line":35,"column":39}},"35":{"start":{"line":36,"column":0},"end":{"line":36,"column":17}},"36":{"start":{"line":37,"column":0},"end":{"line":37,"column":87}},"37":{"start":{"line":38,"column":0},"end":{"line":38,"column":52}},"38":{"start":{"line":39,"column":0},"end":{"line":39,"column":28}},"39":{"start":{"line":40,"column":0},"end":{"line":40,"column":14}},"40":{"start":{"line":41,"column":0},"end":{"line":41,"column":16}},"41":{"start":{"line":42,"column":0},"end":{"line":42,"column":14}},"42":{"start":{"line":43,"column":0},"end":{"line":43,"column":16}},"45":{"start":{"line":46,"column":0},"end":{"line":46,"column":42}},"46":{"start":{"line":47,"column":0},"end":{"line":47,"column":33}},"47":{"start":{"line":48,"column":0},"end":{"line":48,"column":37}},"48":{"start":{"line":49,"column":0},"end":{"line":49,"column":38}},"49":{"start":{"line":50,"column":0},"end":{"line":50,"column":48}},"50":{"start":{"line":51,"column":0},"end":{"line":51,"column":31}},"51":{"start":{"line":52,"column":0},"end":{"line":52,"column":15}},"54":{"start":{"line":55,"column":0},"end":{"line":55,"column":16}},"55":{"start":{"line":56,"column":0},"end":{"line":56,"column":16}},"56":{"start":{"line":57,"column":0},"end":{"line":57,"column":38}},"57":{"start":{"line":58,"column":0},"end":{"line":58,"column":48}},"58":{"start":{"line":59,"column":0},"end":{"line":59,"column":30}},"59":{"start":{"line":60,"column":0},"end":{"line":60,"column":15}},"62":{"start":{"line":63,"column":0},"end":{"line":63,"column":16}},"63":{"start":{"line":64,"column":0},"end":{"line":64,"column":16}},"64":{"start":{"line":65,"column":0},"end":{"line":65,"column":38}},"65":{"start":{"line":66,"column":0},"end":{"line":66,"column":48}},"66":{"start":{"line":67,"column":0},"end":{"line":67,"column":31}},"67":{"start":{"line":68,"column":0},"end":{"line":68,"column":15}},"70":{"start":{"line":71,"column":0},"end":{"line":71,"column":16}},"71":{"start":{"line":72,"column":0},"end":{"line":72,"column":16}},"72":{"start":{"line":73,"column":0},"end":{"line":73,"column":38}},"73":{"start":{"line":74,"column":0},"end":{"line":74,"column":48}},"74":{"start":{"line":75,"column":0},"end":{"line":75,"column":35}},"75":{"start":{"line":76,"column":0},"end":{"line":76,"column":15}},"78":{"start":{"line":79,"column":0},"end":{"line":79,"column":16}},"79":{"start":{"line":80,"column":0},"end":{"line":80,"column":16}},"80":{"start":{"line":81,"column":0},"end":{"line":81,"column":14}},"81":{"start":{"line":82,"column":0},"end":{"line":82,"column":16}},"84":{"start":{"line":85,"column":0},"end":{"line":85,"column":40}},"85":{"start":{"line":86,"column":0},"end":{"line":86,"column":31}},"86":{"start":{"line":87,"column":0},"end":{"line":87,"column":34}},"88":{"start":{"line":89,"column":0},"end":{"line":89,"column":12}},"89":{"start":{"line":90,"column":0},"end":{"line":90,"column":35}},"90":{"start":{"line":91,"column":0},"end":{"line":91,"column":39}},"91":{"start":{"line":92,"column":0},"end":{"line":92,"column":54}},"92":{"start":{"line":93,"column":0},"end":{"line":93,"column":37}},"93":{"start":{"line":94,"column":0},"end":{"line":94,"column":57}},"94":{"start":{"line":95,"column":0},"end":{"line":95,"column":38}},"96":{"start":{"line":97,"column":0},"end":{"line":97,"column":16}},"97":{"start":{"line":98,"column":0},"end":{"line":98,"column":16}},"98":{"start":{"line":99,"column":0},"end":{"line":99,"column":39}},"99":{"start":{"line":100,"column":0},"end":{"line":100,"column":54}},"100":{"start":{"line":101,"column":0},"end":{"line":101,"column":33}},"101":{"start":{"line":102,"column":0},"end":{"line":102,"column":66}},"102":{"start":{"line":103,"column":0},"end":{"line":103,"column":38}},"104":{"start":{"line":105,"column":0},"end":{"line":105,"column":16}},"105":{"start":{"line":106,"column":0},"end":{"line":106,"column":16}},"106":{"start":{"line":107,"column":0},"end":{"line":107,"column":39}},"107":{"start":{"line":108,"column":0},"end":{"line":108,"column":54}},"108":{"start":{"line":109,"column":0},"end":{"line":109,"column":34}},"109":{"start":{"line":110,"column":0},"end":{"line":110,"column":66}},"110":{"start":{"line":111,"column":0},"end":{"line":111,"column":38}},"112":{"start":{"line":113,"column":0},"end":{"line":113,"column":16}},"113":{"start":{"line":114,"column":0},"end":{"line":114,"column":16}},"114":{"start":{"line":115,"column":0},"end":{"line":115,"column":39}},"115":{"start":{"line":116,"column":0},"end":{"line":116,"column":54}},"116":{"start":{"line":117,"column":0},"end":{"line":117,"column":35}},"117":{"start":{"line":118,"column":0},"end":{"line":118,"column":73}},"118":{"start":{"line":119,"column":0},"end":{"line":119,"column":38}},"120":{"start":{"line":121,"column":0},"end":{"line":121,"column":16}},"121":{"start":{"line":122,"column":0},"end":{"line":122,"column":16}},"122":{"start":{"line":123,"column":0},"end":{"line":123,"column":14}},"123":{"start":{"line":124,"column":0},"end":{"line":124,"column":16}},"126":{"start":{"line":127,"column":0},"end":{"line":127,"column":43}},"127":{"start":{"line":128,"column":0},"end":{"line":128,"column":28}},"128":{"start":{"line":129,"column":0},"end":{"line":129,"column":38}},"129":{"start":{"line":130,"column":0},"end":{"line":130,"column":40}},"130":{"start":{"line":131,"column":0},"end":{"line":131,"column":33}},"131":{"start":{"line":132,"column":0},"end":{"line":132,"column":15}},"132":{"start":{"line":133,"column":0},"end":{"line":133,"column":38}},"133":{"start":{"line":134,"column":0},"end":{"line":134,"column":47}},"135":{"start":{"line":136,"column":0},"end":{"line":136,"column":16}},"136":{"start":{"line":137,"column":0},"end":{"line":137,"column":16}},"137":{"start":{"line":138,"column":0},"end":{"line":138,"column":40}},"138":{"start":{"line":139,"column":0},"end":{"line":139,"column":32}},"139":{"start":{"line":140,"column":0},"end":{"line":140,"column":15}},"140":{"start":{"line":141,"column":0},"end":{"line":141,"column":38}},"141":{"start":{"line":142,"column":0},"end":{"line":142,"column":54}},"143":{"start":{"line":144,"column":0},"end":{"line":144,"column":16}},"144":{"start":{"line":145,"column":0},"end":{"line":145,"column":16}},"145":{"start":{"line":146,"column":0},"end":{"line":146,"column":40}},"146":{"start":{"line":147,"column":0},"end":{"line":147,"column":29}},"147":{"start":{"line":148,"column":0},"end":{"line":148,"column":15}},"148":{"start":{"line":149,"column":0},"end":{"line":149,"column":37}},"149":{"start":{"line":150,"column":0},"end":{"line":150,"column":40}},"151":{"start":{"line":152,"column":0},"end":{"line":152,"column":16}},"152":{"start":{"line":153,"column":0},"end":{"line":153,"column":16}},"153":{"start":{"line":154,"column":0},"end":{"line":154,"column":40}},"154":{"start":{"line":155,"column":0},"end":{"line":155,"column":38}},"155":{"start":{"line":156,"column":0},"end":{"line":156,"column":15}},"156":{"start":{"line":157,"column":0},"end":{"line":157,"column":57}},"157":{"start":{"line":158,"column":0},"end":{"line":158,"column":50}},"159":{"start":{"line":160,"column":0},"end":{"line":160,"column":16}},"160":{"start":{"line":161,"column":0},"end":{"line":161,"column":16}},"161":{"start":{"line":162,"column":0},"end":{"line":162,"column":14}},"162":{"start":{"line":163,"column":0},"end":{"line":163,"column":16}},"165":{"start":{"line":166,"column":0},"end":{"line":166,"column":39}},"166":{"start":{"line":167,"column":0},"end":{"line":167,"column":37}},"167":{"start":{"line":168,"column":0},"end":{"line":168,"column":70}},"168":{"start":{"line":169,"column":0},"end":{"line":169,"column":92}},"169":{"start":{"line":170,"column":0},"end":{"line":170,"column":53}},"171":{"start":{"line":172,"column":0},"end":{"line":172,"column":14}},"172":{"start":{"line":173,"column":0},"end":{"line":173,"column":14}},"173":{"start":{"line":174,"column":0},"end":{"line":174,"column":16}},"174":{"start":{"line":175,"column":0},"end":{"line":175,"column":10}},"176":{"start":{"line":177,"column":0},"end":{"line":177,"column":2}},"178":{"start":{"line":179,"column":0},"end":{"line":179,"column":21}}},"s":{"2":0,"4":0,"5":0,"6":0,"8":0,"9":0,"10":0,"11":0,"14":0,"15":0,"16":0,"17":0,"18":0,"22":0,"23":0,"27":0,"28":0,"32":0,"33":0,"34":0,"35":0,"36":0,"37":0,"38":0,"39":0,"40":0,"41":0,"42":0,"45":0,"46":0,"47":0,"48":0,"49":0,"50":0,"51":0,"54":0,"55":0,"56":0,"57":0,"58":0,"59":0,"62":0,"63":0,"64":0,"65":0,"66":0,"67":0,"70":0,"71":0,"72":0,"73":0,"74":0,"75":0,"78":0,"79":0,"80":0,"81":0,"84":0,"85":0,"86":0,"88":0,"89":0,"90":0,"91":0,"92":0,"93":0,"94":0,"96":0,"97":0,"98":0,"99":0,"100":0,"101":0,"102":0,"104":0,"105":0,"106":0,"107":0,"108":0,"109":0,"110":0,"112":0,"113":0,"114":0,"115":0,"116":0,"117":0,"118":0,"120":0,"121":0,"122":0,"123":0,"126":0,"127":0,"128":0,"129":0,"130":0,"131":0,"132":0,"133":0,"135":0,"136":0,"137":0,"138":0,"139":0,"140":0,"141":0,"143":0,"144":0,"145":0,"146":0,"147":0,"148":0,"149":0,"151":0,"152":0,"153":0,"154":0,"155":0,"156":0,"157":0,"159":0,"160":0,"161":0,"162":0,"165":0,"166":0,"167":0,"168":0,"169":0,"171":0,"172":0,"173":0,"174":0,"176":0,"178":0},"branchMap":{"0":{"type":"branch","line":1,"loc":{"start":{"line":1,"column":6506},"end":{"line":179,"column":21}},"locations":[{"start":{"line":1,"column":6506},"end":{"line":179,"column":21}}]}},"b":{"0":[1]},"fnMap":{"0":{"name":"(empty-report)","decl":{"start":{"line":1,"column":6506},"end":{"line":179,"column":21}},"loc":{"start":{"line":1,"column":6506},"end":{"line":179,"column":21}},"line":1}},"f":{"0":1}}
,"/Users/jorgeangelpaez/Desktop/clase41/test-suite/frontend/src/pages/Home.jsx": {"path":"/Users/jorgeangelpaez/Desktop/clase41/test-suite/frontend/src/pages/Home.jsx","all":false,"statementMap":{"2":{"start":{"line":3,"column":0},"end":{"line":3,"column":26}},"3":{"start":{"line":4,"column":0},"end":{"line":4,"column":40}},"5":{"start":{"line":6,"column":0},"end":{"line":6,"column":20}},"6":{"start":{"line":7,"column":0},"end":{"line":7,"column":10}},"7":{"start":{"line":8,"column":0},"end":{"line":8,"column":31}},"9":{"start":{"line":10,"column":0},"end":{"line":10,"column":70}},"10":{"start":{"line":11,"column":0},"end":{"line":11,"column":80}},"12":{"start":{"line":13,"column":0},"end":{"line":13,"column":37}},"13":{"start":{"line":14,"column":0},"end":{"line":14,"column":87}},"14":{"start":{"line":15,"column":0},"end":{"line":15,"column":73}},"15":{"start":{"line":16,"column":0},"end":{"line":16,"column":17}},"16":{"start":{"line":17,"column":0},"end":{"line":17,"column":51}},"18":{"start":{"line":19,"column":0},"end":{"line":19,"column":16}},"19":{"start":{"line":20,"column":0},"end":{"line":20,"column":65}},"22":{"start":{"line":23,"column":0},"end":{"line":23,"column":16}},"25":{"start":{"line":26,"column":0},"end":{"line":26,"column":17}},"26":{"start":{"line":27,"column":0},"end":{"line":27,"column":20}},"27":{"start":{"line":28,"column":0},"end":{"line":28,"column":31}},"28":{"start":{"line":29,"column":0},"end":{"line":29,"column":137}},"29":{"start":{"line":30,"column":0},"end":{"line":30,"column":15}},"31":{"start":{"line":32,"column":0},"end":{"line":32,"column":21}},"32":{"start":{"line":33,"column":0},"end":{"line":33,"column":18}},"33":{"start":{"line":34,"column":0},"end":{"line":34,"column":16}},"36":{"start":{"line":37,"column":0},"end":{"line":37,"column":36}},"37":{"start":{"line":38,"column":0},"end":{"line":38,"column":17}},"38":{"start":{"line":39,"column":0},"end":{"line":39,"column":84}},"39":{"start":{"line":40,"column":0},"end":{"line":40,"column":60}},"40":{"start":{"line":41,"column":0},"end":{"line":41,"column":29}},"41":{"start":{"line":42,"column":0},"end":{"line":42,"column":50}},"42":{"start":{"line":43,"column":0},"end":{"line":43,"column":14}},"43":{"start":{"line":44,"column":0},"end":{"line":44,"column":16}},"44":{"start":{"line":45,"column":0},"end":{"line":45,"column":14}},"45":{"start":{"line":46,"column":0},"end":{"line":46,"column":16}},"48":{"start":{"line":49,"column":0},"end":{"line":49,"column":58}},"49":{"start":{"line":50,"column":0},"end":{"line":50,"column":102}},"50":{"start":{"line":51,"column":0},"end":{"line":51,"column":63}},"51":{"start":{"line":52,"column":0},"end":{"line":52,"column":43}},"52":{"start":{"line":53,"column":0},"end":{"line":53,"column":51}},"53":{"start":{"line":54,"column":0},"end":{"line":54,"column":87}},"54":{"start":{"line":55,"column":0},"end":{"line":55,"column":102}},"55":{"start":{"line":56,"column":0},"end":{"line":56,"column":16}},"56":{"start":{"line":57,"column":0},"end":{"line":57,"column":43}},"57":{"start":{"line":58,"column":0},"end":{"line":58,"column":51}},"58":{"start":{"line":59,"column":0},"end":{"line":59,"column":85}},"59":{"start":{"line":60,"column":0},"end":{"line":60,"column":99}},"60":{"start":{"line":61,"column":0},"end":{"line":61,"column":16}},"61":{"start":{"line":62,"column":0},"end":{"line":62,"column":43}},"62":{"start":{"line":63,"column":0},"end":{"line":63,"column":50}},"63":{"start":{"line":64,"column":0},"end":{"line":64,"column":91}},"64":{"start":{"line":65,"column":0},"end":{"line":65,"column":106}},"65":{"start":{"line":66,"column":0},"end":{"line":66,"column":16}},"66":{"start":{"line":67,"column":0},"end":{"line":67,"column":43}},"67":{"start":{"line":68,"column":0},"end":{"line":68,"column":51}},"68":{"start":{"line":69,"column":0},"end":{"line":69,"column":87}},"69":{"start":{"line":70,"column":0},"end":{"line":70,"column":106}},"70":{"start":{"line":71,"column":0},"end":{"line":71,"column":16}},"71":{"start":{"line":72,"column":0},"end":{"line":72,"column":14}},"72":{"start":{"line":73,"column":0},"end":{"line":73,"column":16}},"74":{"start":{"line":75,"column":0},"end":{"line":75,"column":10}},"76":{"start":{"line":77,"column":0},"end":{"line":77,"column":2}},"78":{"start":{"line":79,"column":0},"end":{"line":79,"column":20}}},"s":{"2":1,"3":1,"5":1,"6":11,"7":11,"9":11,"10":11,"12":11,"13":11,"14":11,"15":11,"16":11,"18":11,"19":11,"22":11,"25":11,"26":11,"27":11,"28":11,"29":11,"31":11,"32":11,"33":11,"36":11,"37":11,"38":11,"39":11,"40":11,"41":11,"42":11,"43":11,"44":11,"45":11,"48":11,"49":11,"50":11,"51":11,"52":11,"53":11,"54":11,"55":11,"56":11,"57":11,"58":11,"59":11,"60":11,"61":11,"62":11,"63":11,"64":11,"65":11,"66":11,"67":11,"68":11,"69":11,"70":11,"71":11,"72":11,"74":11,"76":11,"78":1},"branchMap":{"0":{"type":"branch","line":6,"loc":{"start":{"line":6,"column":13},"end":{"line":77,"column":2}},"locations":[{"start":{"line":6,"column":13},"end":{"line":77,"column":2}}]}},"b":{"0":[11]},"fnMap":{"0":{"name":"Home","decl":{"start":{"line":6,"column":13},"end":{"line":77,"column":2}},"loc":{"start":{"line":6,"column":13},"end":{"line":77,"column":2}},"line":6}},"f":{"0":11}}
,"/Users/jorgeangelpaez/Desktop/clase41/test-suite/frontend/src/pages/Products.jsx": {"path":"/Users/jorgeangelpaez/Desktop/clase41/test-suite/frontend/src/pages/Products.jsx","all":false,"statementMap":{"2":{"start":{"line":3,"column":0},"end":{"line":3,"column":26}},"3":{"start":{"line":4,"column":0},"end":{"line":4,"column":52}},"5":{"start":{"line":6,"column":0},"end":{"line":6,"column":24}},"7":{"start":{"line":8,"column":0},"end":{"line":8,"column":10}},"8":{"start":{"line":9,"column":0},"end":{"line":9,"column":9}},"10":{"start":{"line":11,"column":0},"end":{"line":11,"column":21}},"11":{"start":{"line":12,"column":0},"end":{"line":12,"column":10}},"13":{"start":{"line":14,"column":0},"end":{"line":14,"column":2}},"15":{"start":{"line":16,"column":0},"end":{"line":16,"column":24}}},"s":{"2":1,"3":1,"5":1,"7":4,"8":4,"10":4,"11":4,"13":4,"15":1},"branchMap":{"0":{"type":"branch","line":6,"loc":{"start":{"line":6,"column":17},"end":{"line":14,"column":2}},"locations":[{"start":{"line":6,"column":17},"end":{"line":14,"column":2}}]}},"b":{"0":[4]},"fnMap":{"0":{"name":"Products","decl":{"start":{"line":6,"column":17},"end":{"line":14,"column":2}},"loc":{"start":{"line":6,"column":17},"end":{"line":14,"column":2}},"line":6}},"f":{"0":4}}
,"/Users/jorgeangelpaez/Desktop/clase41/test-suite/frontend/src/services/api.js": {"path":"/Users/jorgeangelpaez/Desktop/clase41/test-suite/frontend/src/services/api.js","all":false,"statementMap":{"0":{"start":{"line":1,"column":0},"end":{"line":1,"column":82}},"1":{"start":{"line":2,"column":0},"end":{"line":2,"column":58}},"2":{"start":{"line":3,"column":0},"end":{"line":3,"column":72}},"4":{"start":{"line":5,"column":0},"end":{"line":5,"column":93}},"5":{"start":{"line":6,"column":0},"end":{"line":6,"column":45}},"7":{"start":{"line":8,"column":0},"end":{"line":8,"column":59}},"8":{"start":{"line":9,"column":0},"end":{"line":9,"column":67}},"9":{"start":{"line":10,"column":0},"end":{"line":10,"column":24}},"10":{"start":{"line":11,"column":0},"end":{"line":11,"column":12}},"11":{"start":{"line":12,"column":0},"end":{"line":12,"column":71}},"12":{"start":{"line":13,"column":0},"end":{"line":13,"column":4}},"13":{"start":{"line":14,"column":0},"end":{"line":14,"column":2}},"15":{"start":{"line":16,"column":0},"end":{"line":16,"column":65}},"16":{"start":{"line":17,"column":0},"end":{"line":17,"column":66}},"17":{"start":{"line":18,"column":0},"end":{"line":18,"column":44}},"18":{"start":{"line":19,"column":0},"end":{"line":19,"column":64}},"19":{"start":{"line":20,"column":0},"end":{"line":20,"column":21}},"20":{"start":{"line":21,"column":0},"end":{"line":21,"column":69}},"21":{"start":{"line":22,"column":0},"end":{"line":22,"column":62}},"22":{"start":{"line":23,"column":0},"end":{"line":23,"column":3}},"23":{"start":{"line":24,"column":0},"end":{"line":24,"column":48}},"24":{"start":{"line":25,"column":0},"end":{"line":25,"column":31}},"25":{"start":{"line":26,"column":0},"end":{"line":26,"column":2}},"27":{"start":{"line":28,"column":0},"end":{"line":28,"column":27}},"28":{"start":{"line":29,"column":0},"end":{"line":29,"column":28}},"29":{"start":{"line":30,"column":0},"end":{"line":30,"column":32}},"30":{"start":{"line":31,"column":0},"end":{"line":31,"column":23}},"31":{"start":{"line":32,"column":0},"end":{"line":32,"column":9}},"32":{"start":{"line":33,"column":0},"end":{"line":33,"column":63}},"33":{"start":{"line":34,"column":0},"end":{"line":34,"column":44}},"34":{"start":{"line":35,"column":0},"end":{"line":35,"column":21}},"35":{"start":{"line":36,"column":0},"end":{"line":36,"column":55}},"36":{"start":{"line":37,"column":0},"end":{"line":37,"column":18}},"37":{"start":{"line":38,"column":0},"end":{"line":38,"column":5}},"38":{"start":{"line":39,"column":0},"end":{"line":39,"column":4}},"40":{"start":{"line":41,"column":0},"end":{"line":41,"column":31}},"41":{"start":{"line":42,"column":0},"end":{"line":42,"column":26}},"42":{"start":{"line":43,"column":0},"end":{"line":43,"column":9}},"43":{"start":{"line":44,"column":0},"end":{"line":44,"column":69}},"44":{"start":{"line":45,"column":0},"end":{"line":45,"column":44}},"45":{"start":{"line":46,"column":0},"end":{"line":46,"column":21}},"46":{"start":{"line":47,"column":0},"end":{"line":47,"column":60}},"47":{"start":{"line":48,"column":0},"end":{"line":48,"column":18}},"48":{"start":{"line":49,"column":0},"end":{"line":49,"column":5}},"49":{"start":{"line":50,"column":0},"end":{"line":50,"column":4}},"51":{"start":{"line":52,"column":0},"end":{"line":52,"column":68}},"52":{"start":{"line":53,"column":0},"end":{"line":53,"column":30}},"53":{"start":{"line":54,"column":0},"end":{"line":54,"column":9}},"54":{"start":{"line":55,"column":0},"end":{"line":55,"column":64}},"55":{"start":{"line":56,"column":0},"end":{"line":56,"column":26}},"56":{"start":{"line":57,"column":0},"end":{"line":57,"column":23}},"57":{"start":{"line":58,"column":0},"end":{"line":58,"column":38}},"58":{"start":{"line":59,"column":0},"end":{"line":59,"column":9}},"59":{"start":{"line":60,"column":0},"end":{"line":60,"column":44}},"60":{"start":{"line":61,"column":0},"end":{"line":61,"column":21}},"61":{"start":{"line":62,"column":0},"end":{"line":62,"column":54}},"62":{"start":{"line":63,"column":0},"end":{"line":63,"column":18}},"63":{"start":{"line":64,"column":0},"end":{"line":64,"column":5}},"64":{"start":{"line":65,"column":0},"end":{"line":65,"column":4}},"66":{"start":{"line":67,"column":0},"end":{"line":67,"column":37}},"67":{"start":{"line":68,"column":0},"end":{"line":68,"column":34}},"68":{"start":{"line":69,"column":0},"end":{"line":69,"column":9}},"69":{"start":{"line":70,"column":0},"end":{"line":70,"column":70}},"70":{"start":{"line":71,"column":0},"end":{"line":71,"column":26}},"71":{"start":{"line":72,"column":0},"end":{"line":72,"column":22}},"72":{"start":{"line":73,"column":0},"end":{"line":73,"column":38}},"73":{"start":{"line":74,"column":0},"end":{"line":74,"column":9}},"74":{"start":{"line":75,"column":0},"end":{"line":75,"column":44}},"75":{"start":{"line":76,"column":0},"end":{"line":76,"column":21}},"76":{"start":{"line":77,"column":0},"end":{"line":77,"column":60}},"77":{"start":{"line":78,"column":0},"end":{"line":78,"column":18}},"78":{"start":{"line":79,"column":0},"end":{"line":79,"column":5}},"79":{"start":{"line":80,"column":0},"end":{"line":80,"column":4}},"81":{"start":{"line":82,"column":0},"end":{"line":82,"column":25}},"82":{"start":{"line":83,"column":0},"end":{"line":83,"column":25}},"83":{"start":{"line":84,"column":0},"end":{"line":84,"column":9}},"84":{"start":{"line":85,"column":0},"end":{"line":85,"column":70}},"85":{"start":{"line":86,"column":0},"end":{"line":86,"column":25}},"86":{"start":{"line":87,"column":0},"end":{"line":87,"column":9}},"87":{"start":{"line":88,"column":0},"end":{"line":88,"column":44}},"88":{"start":{"line":89,"column":0},"end":{"line":89,"column":21}},"89":{"start":{"line":90,"column":0},"end":{"line":90,"column":60}},"90":{"start":{"line":91,"column":0},"end":{"line":91,"column":18}},"91":{"start":{"line":92,"column":0},"end":{"line":92,"column":5}},"92":{"start":{"line":93,"column":0},"end":{"line":93,"column":4}},"93":{"start":{"line":94,"column":0},"end":{"line":94,"column":2}},"95":{"start":{"line":96,"column":0},"end":{"line":96,"column":35}},"96":{"start":{"line":97,"column":0},"end":{"line":97,"column":26}},"97":{"start":{"line":98,"column":0},"end":{"line":98,"column":30}},"98":{"start":{"line":99,"column":0},"end":{"line":99,"column":23}},"99":{"start":{"line":100,"column":0},"end":{"line":100,"column":9}},"100":{"start":{"line":101,"column":0},"end":{"line":101,"column":61}},"101":{"start":{"line":102,"column":0},"end":{"line":102,"column":44}},"102":{"start":{"line":103,"column":0},"end":{"line":103,"column":21}},"103":{"start":{"line":104,"column":0},"end":{"line":104,"column":53}},"104":{"start":{"line":105,"column":0},"end":{"line":105,"column":18}},"105":{"start":{"line":106,"column":0},"end":{"line":106,"column":5}},"106":{"start":{"line":107,"column":0},"end":{"line":107,"column":4}},"108":{"start":{"line":109,"column":0},"end":{"line":109,"column":29}},"109":{"start":{"line":110,"column":0},"end":{"line":110,"column":26}},"110":{"start":{"line":111,"column":0},"end":{"line":111,"column":9}},"111":{"start":{"line":112,"column":0},"end":{"line":112,"column":67}},"112":{"start":{"line":113,"column":0},"end":{"line":113,"column":44}},"113":{"start":{"line":114,"column":0},"end":{"line":114,"column":21}},"114":{"start":{"line":115,"column":0},"end":{"line":115,"column":58}},"115":{"start":{"line":116,"column":0},"end":{"line":116,"column":18}},"116":{"start":{"line":117,"column":0},"end":{"line":117,"column":5}},"117":{"start":{"line":118,"column":0},"end":{"line":118,"column":4}},"119":{"start":{"line":120,"column":0},"end":{"line":120,"column":48}},"120":{"start":{"line":121,"column":0},"end":{"line":121,"column":28}},"121":{"start":{"line":122,"column":0},"end":{"line":122,"column":9}},"122":{"start":{"line":123,"column":0},"end":{"line":123,"column":62}},"123":{"start":{"line":124,"column":0},"end":{"line":124,"column":26}},"124":{"start":{"line":125,"column":0},"end":{"line":125,"column":23}},"125":{"start":{"line":126,"column":0},"end":{"line":126,"column":36}},"126":{"start":{"line":127,"column":0},"end":{"line":127,"column":9}},"127":{"start":{"line":128,"column":0},"end":{"line":128,"column":44}},"128":{"start":{"line":129,"column":0},"end":{"line":129,"column":21}},"129":{"start":{"line":130,"column":0},"end":{"line":130,"column":52}},"130":{"start":{"line":131,"column":0},"end":{"line":131,"column":18}},"131":{"start":{"line":132,"column":0},"end":{"line":132,"column":5}},"132":{"start":{"line":133,"column":0},"end":{"line":133,"column":4}},"134":{"start":{"line":135,"column":0},"end":{"line":135,"column":38}},"135":{"start":{"line":136,"column":0},"end":{"line":136,"column":32}},"136":{"start":{"line":137,"column":0},"end":{"line":137,"column":9}},"137":{"start":{"line":138,"column":0},"end":{"line":138,"column":68}},"138":{"start":{"line":139,"column":0},"end":{"line":139,"column":26}},"139":{"start":{"line":140,"column":0},"end":{"line":140,"column":22}},"140":{"start":{"line":141,"column":0},"end":{"line":141,"column":36}},"141":{"start":{"line":142,"column":0},"end":{"line":142,"column":9}},"142":{"start":{"line":143,"column":0},"end":{"line":143,"column":44}},"143":{"start":{"line":144,"column":0},"end":{"line":144,"column":21}},"144":{"start":{"line":145,"column":0},"end":{"line":145,"column":58}},"145":{"start":{"line":146,"column":0},"end":{"line":146,"column":18}},"146":{"start":{"line":147,"column":0},"end":{"line":147,"column":5}},"147":{"start":{"line":148,"column":0},"end":{"line":148,"column":4}},"149":{"start":{"line":150,"column":0},"end":{"line":150,"column":23}},"150":{"start":{"line":151,"column":0},"end":{"line":151,"column":25}},"151":{"start":{"line":152,"column":0},"end":{"line":152,"column":9}},"152":{"start":{"line":153,"column":0},"end":{"line":153,"column":68}},"153":{"start":{"line":154,"column":0},"end":{"line":154,"column":25}},"154":{"start":{"line":155,"column":0},"end":{"line":155,"column":9}},"155":{"start":{"line":156,"column":0},"end":{"line":156,"column":44}},"156":{"start":{"line":157,"column":0},"end":{"line":157,"column":21}},"157":{"start":{"line":158,"column":0},"end":{"line":158,"column":58}},"158":{"start":{"line":159,"column":0},"end":{"line":159,"column":18}},"159":{"start":{"line":160,"column":0},"end":{"line":160,"column":5}},"160":{"start":{"line":161,"column":0},"end":{"line":161,"column":4}},"161":{"start":{"line":162,"column":0},"end":{"line":162,"column":2}},"163":{"start":{"line":164,"column":0},"end":{"line":164,"column":68}},"164":{"start":{"line":165,"column":0},"end":{"line":165,"column":46}},"165":{"start":{"line":166,"column":0},"end":{"line":166,"column":7}},"166":{"start":{"line":167,"column":0},"end":{"line":167,"column":70}},"167":{"start":{"line":168,"column":0},"end":{"line":168,"column":23}},"168":{"start":{"line":169,"column":0},"end":{"line":169,"column":19}},"169":{"start":{"line":170,"column":0},"end":{"line":170,"column":56}},"170":{"start":{"line":171,"column":0},"end":{"line":171,"column":17}},"171":{"start":{"line":172,"column":0},"end":{"line":172,"column":3}},"172":{"start":{"line":173,"column":0},"end":{"line":173,"column":2}}},"s":{"0":1,"1":1,"2":1,"4":1,"5":1,"7":1,"8":1,"9":1,"10":1,"11":1,"12":1,"13":1,"15":1,"16":1,"17":1,"18":12,"19":12,"20":2,"21":2,"22":2,"23":10,"24":10,"25":10,"27":1,"28":1,"29":1,"30":1,"31":4,"32":4,"33":2,"34":4,"35":3,"36":3,"37":3,"38":1,"40":1,"41":1,"42":1,"43":1,"44":1,"45":1,"46":0,"47":0,"48":0,"49":1,"51":1,"52":1,"53":1,"54":1,"55":1,"56":1,"57":1,"58":1,"59":1,"60":1,"61":0,"62":0,"63":0,"64":1,"66":1,"67":1,"68":1,"69":1,"70":1,"71":1,"72":1,"73":1,"74":1,"75":1,"76":0,"77":0,"78":0,"79":1,"81":1,"82":1,"83":1,"84":1,"85":1,"86":1,"87":1,"88":1,"89":0,"90":0,"91":0,"92":1,"93":1,"95":1,"96":1,"97":1,"98":1,"99":1,"100":1,"101":1,"102":1,"103":0,"104":0,"105":0,"106":1,"108":1,"109":1,"110":1,"111":1,"112":1,"113":1,"114":0,"115":0,"116":0,"117":1,"119":1,"120":1,"121":2,"122":2,"123":2,"124":2,"125":2,"126":2,"127":2,"128":2,"129":1,"130":1,"131":1,"132":1,"134":1,"135":1,"136":1,"137":1,"138":1,"139":1,"140":1,"141":1,"142":1,"143":1,"144":0,"145":0,"146":0,"147":1,"149":1,"150":1,"151":1,"152":1,"153":1,"154":1,"155":1,"156":1,"157":0,"158":0,"159":0,"160":1,"161":1,"163":1,"164":1,"165":3,"166":3,"167":2,"168":3,"169":1,"170":1,"171":1,"172":3},"branchMap":{"0":{"type":"branch","line":18,"loc":{"start":{"line":18,"column":23},"end":{"line":26,"column":2}},"locations":[{"start":{"line":18,"column":23},"end":{"line":26,"column":2}}]},"1":{"type":"branch","line":20,"loc":{"start":{"line":20,"column":20},"end":{"line":23,"column":3}},"locations":[{"start":{"line":20,"column":20},"end":{"line":23,"column":3}}]},"2":{"type":"branch","line":23,"loc":{"start":{"line":23,"column":2},"end":{"line":26,"column":2}},"locations":[{"start":{"line":23,"column":2},"end":{"line":26,"column":2}}]},"3":{"type":"branch","line":31,"loc":{"start":{"line":31,"column":10},"end":{"line":39,"column":3}},"locations":[{"start":{"line":31,"column":10},"end":{"line":39,"column":3}}]},"4":{"type":"branch","line":33,"loc":{"start":{"line":33,"column":62},"end":{"line":35,"column":6}},"locations":[{"start":{"line":33,"column":62},"end":{"line":35,"column":6}}]},"5":{"type":"branch","line":35,"loc":{"start":{"line":35,"column":6},"end":{"line":38,"column":5}},"locations":[{"start":{"line":35,"column":6},"end":{"line":38,"column":5}}]},"6":{"type":"branch","line":42,"loc":{"start":{"line":42,"column":11},"end":{"line":50,"column":3}},"locations":[{"start":{"line":42,"column":11},"end":{"line":50,"column":3}}]},"7":{"type":"branch","line":46,"loc":{"start":{"line":46,"column":6},"end":{"line":49,"column":5}},"locations":[{"start":{"line":46,"column":6},"end":{"line":49,"column":5}}]},"8":{"type":"branch","line":53,"loc":{"start":{"line":53,"column":10},"end":{"line":65,"column":3}},"locations":[{"start":{"line":53,"column":10},"end":{"line":65,"column":3}}]},"9":{"type":"branch","line":61,"loc":{"start":{"line":61,"column":6},"end":{"line":64,"column":5}},"locations":[{"start":{"line":61,"column":6},"end":{"line":64,"column":5}}]},"10":{"type":"branch","line":68,"loc":{"start":{"line":68,"column":10},"end":{"line":80,"column":3}},"locations":[{"start":{"line":68,"column":10},"end":{"line":80,"column":3}}]},"11":{"type":"branch","line":76,"loc":{"start":{"line":76,"column":6},"end":{"line":79,"column":5}},"locations":[{"start":{"line":76,"column":6},"end":{"line":79,"column":5}}]},"12":{"type":"branch","line":83,"loc":{"start":{"line":83,"column":10},"end":{"line":93,"column":3}},"locations":[{"start":{"line":83,"column":10},"end":{"line":93,"column":3}}]},"13":{"type":"branch","line":89,"loc":{"start":{"line":89,"column":6},"end":{"line":92,"column":5}},"locations":[{"start":{"line":89,"column":6},"end":{"line":92,"column":5}}]},"14":{"type":"branch","line":99,"loc":{"start":{"line":99,"column":10},"end":{"line":107,"column":3}},"locations":[{"start":{"line":99,"column":10},"end":{"line":107,"column":3}}]},"15":{"type":"branch","line":103,"loc":{"start":{"line":103,"column":6},"end":{"line":106,"column":5}},"locations":[{"start":{"line":103,"column":6},"end":{"line":106,"column":5}}]},"16":{"type":"branch","line":110,"loc":{"start":{"line":110,"column":11},"end":{"line":118,"column":3}},"locations":[{"start":{"line":110,"column":11},"end":{"line":118,"column":3}}]},"17":{"type":"branch","line":114,"loc":{"start":{"line":114,"column":6},"end":{"line":117,"column":5}},"locations":[{"start":{"line":114,"column":6},"end":{"line":117,"column":5}}]},"18":{"type":"branch","line":121,"loc":{"start":{"line":121,"column":10},"end":{"line":133,"column":3}},"locations":[{"start":{"line":121,"column":10},"end":{"line":133,"column":3}}]},"19":{"type":"branch","line":129,"loc":{"start":{"line":129,"column":6},"end":{"line":132,"column":5}},"locations":[{"start":{"line":129,"column":6},"end":{"line":132,"column":5}}]},"20":{"type":"branch","line":136,"loc":{"start":{"line":136,"column":10},"end":{"line":148,"column":3}},"locations":[{"start":{"line":136,"column":10},"end":{"line":148,"column":3}}]},"21":{"type":"branch","line":144,"loc":{"start":{"line":144,"column":6},"end":{"line":147,"column":5}},"locations":[{"start":{"line":144,"column":6},"end":{"line":147,"column":5}}]},"22":{"type":"branch","line":151,"loc":{"start":{"line":151,"column":10},"end":{"line":161,"column":3}},"locations":[{"start":{"line":151,"column":10},"end":{"line":161,"column":3}}]},"23":{"type":"branch","line":157,"loc":{"start":{"line":157,"column":6},"end":{"line":160,"column":5}},"locations":[{"start":{"line":157,"column":6},"end":{"line":160,"column":5}}]},"24":{"type":"branch","line":165,"loc":{"start":{"line":165,"column":33},"end":{"line":173,"column":2}},"locations":[{"start":{"line":165,"column":33},"end":{"line":173,"column":2}}]},"25":{"type":"branch","line":167,"loc":{"start":{"line":167,"column":69},"end":{"line":169,"column":4}},"locations":[{"start":{"line":167,"column":69},"end":{"line":169,"column":4}}]},"26":{"type":"branch","line":169,"loc":{"start":{"line":169,"column":4},"end":{"line":172,"column":3}},"locations":[{"start":{"line":169,"column":4},"end":{"line":172,"column":3}}]}},"b":{"0":[12],"1":[2],"2":[10],"3":[4],"4":[2],"5":[3],"6":[1],"7":[0],"8":[1],"9":[0],"10":[1],"11":[0],"12":[1],"13":[0],"14":[1],"15":[0],"16":[1],"17":[0],"18":[2],"19":[1],"20":[1],"21":[0],"22":[1],"23":[0],"24":[3],"25":[2],"26":[1]},"fnMap":{"0":{"name":"handleResponse","decl":{"start":{"line":18,"column":23},"end":{"line":26,"column":2}},"loc":{"start":{"line":18,"column":23},"end":{"line":26,"column":2}},"line":18},"1":{"name":"getAll","decl":{"start":{"line":31,"column":10},"end":{"line":39,"column":3}},"loc":{"start":{"line":31,"column":10},"end":{"line":39,"column":3}},"line":31},"2":{"name":"getById","decl":{"start":{"line":42,"column":11},"end":{"line":50,"column":3}},"loc":{"start":{"line":42,"column":11},"end":{"line":50,"column":3}},"line":42},"3":{"name":"create","decl":{"start":{"line":53,"column":10},"end":{"line":65,"column":3}},"loc":{"start":{"line":53,"column":10},"end":{"line":65,"column":3}},"line":53},"4":{"name":"update","decl":{"start":{"line":68,"column":10},"end":{"line":80,"column":3}},"loc":{"start":{"line":68,"column":10},"end":{"line":80,"column":3}},"line":68},"5":{"name":"delete","decl":{"start":{"line":83,"column":10},"end":{"line":93,"column":3}},"loc":{"start":{"line":83,"column":10},"end":{"line":93,"column":3}},"line":83},"6":{"name":"getAll","decl":{"start":{"line":99,"column":10},"end":{"line":107,"column":3}},"loc":{"start":{"line":99,"column":10},"end":{"line":107,"column":3}},"line":99},"7":{"name":"getById","decl":{"start":{"line":110,"column":11},"end":{"line":118,"column":3}},"loc":{"start":{"line":110,"column":11},"end":{"line":118,"column":3}},"line":110},"8":{"name":"create","decl":{"start":{"line":121,"column":10},"end":{"line":133,"column":3}},"loc":{"start":{"line":121,"column":10},"end":{"line":133,"column":3}},"line":121},"9":{"name":"update","decl":{"start":{"line":136,"column":10},"end":{"line":148,"column":3}},"loc":{"start":{"line":136,"column":10},"end":{"line":148,"column":3}},"line":136},"10":{"name":"delete","decl":{"start":{"line":151,"column":10},"end":{"line":161,"column":3}},"loc":{"start":{"line":151,"column":10},"end":{"line":161,"column":3}},"line":151},"11":{"name":"checkServerHealth","decl":{"start":{"line":165,"column":33},"end":{"line":173,"column":2}},"loc":{"start":{"line":165,"column":33},"end":{"line":173,"column":2}},"line":165}},"f":{"0":12,"1":4,"2":1,"3":1,"4":1,"5":1,"6":1,"7":1,"8":2,"9":1,"10":1,"11":3}}
,"/Users/jorgeangelpaez/Desktop/clase41/test-suite/frontend/src/store/useCartStore.js": {"path":"/Users/jorgeangelpaez/Desktop/clase41/test-suite/frontend/src/store/useCartStore.js","all":false,"statementMap":{"0":{"start":{"line":1,"column":0},"end":{"line":1,"column":73}},"1":{"start":{"line":2,"column":0},"end":{"line":2,"column":69}},"2":{"start":{"line":3,"column":0},"end":{"line":3,"column":90}},"4":{"start":{"line":5,"column":0},"end":{"line":5,"column":66}},"5":{"start":{"line":6,"column":0},"end":{"line":6,"column":61}},"6":{"start":{"line":7,"column":0},"end":{"line":7,"column":71}},"7":{"start":{"line":8,"column":0},"end":{"line":8,"column":67}},"9":{"start":{"line":10,"column":0},"end":{"line":10,"column":61}},"10":{"start":{"line":11,"column":0},"end":{"line":11,"column":86}},"11":{"start":{"line":12,"column":0},"end":{"line":12,"column":35}},"12":{"start":{"line":13,"column":0},"end":{"line":13,"column":68}},"13":{"start":{"line":14,"column":0},"end":{"line":14,"column":10}},"14":{"start":{"line":15,"column":0},"end":{"line":15,"column":96}},"15":{"start":{"line":16,"column":0},"end":{"line":16,"column":20}},"16":{"start":{"line":17,"column":0},"end":{"line":17,"column":41}},"17":{"start":{"line":18,"column":0},"end":{"line":18,"column":101}},"18":{"start":{"line":19,"column":0},"end":{"line":19,"column":83}},"19":{"start":{"line":20,"column":0},"end":{"line":20,"column":6}},"20":{"start":{"line":21,"column":0},"end":{"line":21,"column":52}},"21":{"start":{"line":22,"column":0},"end":{"line":22,"column":92}},"22":{"start":{"line":23,"column":0},"end":{"line":23,"column":29}},"23":{"start":{"line":24,"column":0},"end":{"line":24,"column":57}},"24":{"start":{"line":25,"column":0},"end":{"line":25,"column":41}},"25":{"start":{"line":26,"column":0},"end":{"line":26,"column":8}},"26":{"start":{"line":27,"column":0},"end":{"line":27,"column":74}},"27":{"start":{"line":28,"column":0},"end":{"line":28,"column":81}},"28":{"start":{"line":29,"column":0},"end":{"line":29,"column":57}},"29":{"start":{"line":30,"column":0},"end":{"line":30,"column":86}},"30":{"start":{"line":31,"column":0},"end":{"line":31,"column":10}},"31":{"start":{"line":32,"column":0},"end":{"line":32,"column":8}},"32":{"start":{"line":33,"column":0},"end":{"line":33,"column":59}},"33":{"start":{"line":34,"column":0},"end":{"line":34,"column":37}},"34":{"start":{"line":35,"column":0},"end":{"line":35,"column":68}},"35":{"start":{"line":36,"column":0},"end":{"line":36,"column":89}},"36":{"start":{"line":37,"column":0},"end":{"line":37,"column":49}},"37":{"start":{"line":38,"column":0},"end":{"line":38,"column":59}},"38":{"start":{"line":39,"column":0},"end":{"line":39,"column":56}},"39":{"start":{"line":40,"column":0},"end":{"line":40,"column":43}},"40":{"start":{"line":41,"column":0},"end":{"line":41,"column":39}},"41":{"start":{"line":42,"column":0},"end":{"line":42,"column":16}},"42":{"start":{"line":43,"column":0},"end":{"line":43,"column":70}},"43":{"start":{"line":44,"column":0},"end":{"line":44,"column":85}},"44":{"start":{"line":45,"column":0},"end":{"line":45,"column":15}},"45":{"start":{"line":46,"column":0},"end":{"line":46,"column":72}},"46":{"start":{"line":47,"column":0},"end":{"line":47,"column":13}},"47":{"start":{"line":48,"column":0},"end":{"line":48,"column":9}},"48":{"start":{"line":49,"column":0},"end":{"line":49,"column":8}},"49":{"start":{"line":50,"column":0},"end":{"line":50,"column":6}},"50":{"start":{"line":51,"column":0},"end":{"line":51,"column":54}},"51":{"start":{"line":52,"column":0},"end":{"line":52,"column":34}},"52":{"start":{"line":53,"column":0},"end":{"line":53,"column":41}},"53":{"start":{"line":54,"column":0},"end":{"line":54,"column":57}},"54":{"start":{"line":55,"column":0},"end":{"line":55,"column":50}},"55":{"start":{"line":56,"column":0},"end":{"line":56,"column":10}},"56":{"start":{"line":57,"column":0},"end":{"line":57,"column":8}},"57":{"start":{"line":58,"column":0},"end":{"line":58,"column":37}},"58":{"start":{"line":59,"column":0},"end":{"line":59,"column":49}},"59":{"start":{"line":60,"column":0},"end":{"line":60,"column":61}},"60":{"start":{"line":61,"column":0},"end":{"line":61,"column":55}},"61":{"start":{"line":62,"column":0},"end":{"line":62,"column":58}},"62":{"start":{"line":63,"column":0},"end":{"line":63,"column":18}},"63":{"start":{"line":64,"column":0},"end":{"line":64,"column":55}},"64":{"start":{"line":65,"column":0},"end":{"line":65,"column":54}},"65":{"start":{"line":66,"column":0},"end":{"line":66,"column":11}},"66":{"start":{"line":67,"column":0},"end":{"line":67,"column":39}},"67":{"start":{"line":68,"column":0},"end":{"line":68,"column":9}},"68":{"start":{"line":69,"column":0},"end":{"line":69,"column":8}},"69":{"start":{"line":70,"column":0},"end":{"line":70,"column":6}},"70":{"start":{"line":71,"column":0},"end":{"line":71,"column":68}},"71":{"start":{"line":72,"column":0},"end":{"line":72,"column":34}},"72":{"start":{"line":73,"column":0},"end":{"line":73,"column":13}},"73":{"start":{"line":74,"column":0},"end":{"line":74,"column":75}},"74":{"start":{"line":75,"column":0},"end":{"line":75,"column":11}},"75":{"start":{"line":76,"column":0},"end":{"line":76,"column":8}},"76":{"start":{"line":77,"column":0},"end":{"line":77,"column":6}},"77":{"start":{"line":78,"column":0},"end":{"line":78,"column":45}},"78":{"start":{"line":79,"column":0},"end":{"line":79,"column":24}},"79":{"start":{"line":80,"column":0},"end":{"line":80,"column":27}},"80":{"start":{"line":81,"column":0},"end":{"line":81,"column":8}},"81":{"start":{"line":82,"column":0},"end":{"line":82,"column":6}},"82":{"start":{"line":83,"column":0},"end":{"line":83,"column":51}},"83":{"start":{"line":84,"column":0},"end":{"line":84,"column":23}},"84":{"start":{"line":85,"column":0},"end":{"line":85,"column":34}},"85":{"start":{"line":86,"column":0},"end":{"line":86,"column":75}},"86":{"start":{"line":87,"column":0},"end":{"line":87,"column":11}},"87":{"start":{"line":88,"column":0},"end":{"line":88,"column":10}},"88":{"start":{"line":89,"column":0},"end":{"line":89,"column":8}},"89":{"start":{"line":90,"column":0},"end":{"line":90,"column":6}},"90":{"start":{"line":91,"column":0},"end":{"line":91,"column":56}},"91":{"start":{"line":92,"column":0},"end":{"line":92,"column":28}},"92":{"start":{"line":93,"column":0},"end":{"line":93,"column":77}},"93":{"start":{"line":94,"column":0},"end":{"line":94,"column":8}},"94":{"start":{"line":95,"column":0},"end":{"line":95,"column":6}},"95":{"start":{"line":96,"column":0},"end":{"line":96,"column":64}},"96":{"start":{"line":97,"column":0},"end":{"line":97,"column":44}},"97":{"start":{"line":98,"column":0},"end":{"line":98,"column":46}},"98":{"start":{"line":99,"column":0},"end":{"line":99,"column":68}},"99":{"start":{"line":100,"column":0},"end":{"line":100,"column":6}},"100":{"start":{"line":101,"column":0},"end":{"line":101,"column":77}},"101":{"start":{"line":102,"column":0},"end":{"line":102,"column":27}},"102":{"start":{"line":103,"column":0},"end":{"line":103,"column":34}},"103":{"start":{"line":104,"column":0},"end":{"line":104,"column":39}},"104":{"start":{"line":105,"column":0},"end":{"line":105,"column":16}},"105":{"start":{"line":106,"column":0},"end":{"line":106,"column":41}},"106":{"start":{"line":107,"column":0},"end":{"line":107,"column":33}},"107":{"start":{"line":108,"column":0},"end":{"line":108,"column":41}},"108":{"start":{"line":109,"column":0},"end":{"line":109,"column":41}},"109":{"start":{"line":110,"column":0},"end":{"line":110,"column":35}},"110":{"start":{"line":111,"column":0},"end":{"line":111,"column":14}},"111":{"start":{"line":112,"column":0},"end":{"line":112,"column":23}},"112":{"start":{"line":113,"column":0},"end":{"line":113,"column":41}},"113":{"start":{"line":114,"column":0},"end":{"line":114,"column":10}},"114":{"start":{"line":115,"column":0},"end":{"line":115,"column":7}},"115":{"start":{"line":116,"column":0},"end":{"line":116,"column":7}},"116":{"start":{"line":117,"column":0},"end":{"line":117,"column":5}},"117":{"start":{"line":118,"column":0},"end":{"line":118,"column":55}},"118":{"start":{"line":119,"column":0},"end":{"line":119,"column":82}},"119":{"start":{"line":120,"column":0},"end":{"line":120,"column":5}},"120":{"start":{"line":121,"column":0},"end":{"line":121,"column":3}},"121":{"start":{"line":122,"column":0},"end":{"line":122,"column":2}}},"s":{"0":1,"1":1,"2":1,"4":1,"5":1,"6":1,"7":1,"9":1,"10":1,"11":1,"12":1,"13":1,"14":1,"15":1,"16":4,"17":4,"18":4,"19":4,"20":4,"21":4,"22":4,"23":21,"24":21,"25":21,"26":21,"27":21,"28":21,"29":21,"30":21,"31":21,"32":21,"33":21,"34":7,"35":7,"36":7,"37":7,"38":7,"39":7,"40":7,"41":21,"42":14,"43":14,"44":14,"45":14,"46":14,"47":14,"48":4,"49":4,"50":4,"51":4,"52":2,"53":2,"54":2,"55":2,"56":2,"57":2,"58":2,"59":2,"60":1,"61":1,"62":1,"63":1,"64":1,"65":1,"66":2,"67":2,"68":4,"69":4,"70":4,"71":4,"72":1,"73":1,"74":1,"75":4,"76":4,"77":4,"78":4,"79":15,"80":4,"81":4,"82":4,"83":4,"84":4,"85":4,"86":4,"87":4,"88":4,"89":4,"90":4,"91":4,"92":2,"93":4,"94":4,"95":4,"96":4,"97":4,"98":4,"99":4,"100":4,"101":4,"102":2,"103":2,"104":2,"105":2,"106":2,"107":2,"108":2,"109":2,"110":2,"111":2,"112":2,"113":2,"114":2,"115":1,"116":1,"117":1,"118":1,"119":1,"120":1,"121":1},"branchMap":{"0":{"type":"branch","line":16,"loc":{"start":{"line":16,"column":4},"end":{"line":116,"column":6}},"locations":[{"start":{"line":16,"column":4},"end":{"line":116,"column":6}}]},"1":{"type":"branch","line":23,"loc":{"start":{"line":23,"column":15},"end":{"line":49,"column":7}},"locations":[{"start":{"line":23,"column":15},"end":{"line":49,"column":7}}]},"2":{"type":"branch","line":34,"loc":{"start":{"line":34,"column":36},"end":{"line":42,"column":9}},"locations":[{"start":{"line":34,"column":36},"end":{"line":42,"column":9}}]},"3":{"type":"branch","line":42,"loc":{"start":{"line":42,"column":9},"end":{"line":48,"column":9}},"locations":[{"start":{"line":42,"column":9},"end":{"line":48,"column":9}}]},"4":{"type":"branch","line":30,"loc":{"start":{"line":30,"column":10},"end":{"line":30,"column":51}},"locations":[{"start":{"line":30,"column":10},"end":{"line":30,"column":51}}]},"5":{"type":"branch","line":52,"loc":{"start":{"line":52,"column":18},"end":{"line":69,"column":7}},"locations":[{"start":{"line":52,"column":18},"end":{"line":69,"column":7}}]},"6":{"type":"branch","line":60,"loc":{"start":{"line":60,"column":60},"end":{"line":66,"column":11}},"locations":[{"start":{"line":60,"column":60},"end":{"line":66,"column":11}}]},"7":{"type":"branch","line":55,"loc":{"start":{"line":55,"column":10},"end":{"line":55,"column":50}},"locations":[{"start":{"line":55,"column":10},"end":{"line":55,"column":50}}]},"8":{"type":"branch","line":72,"loc":{"start":{"line":72,"column":18},"end":{"line":76,"column":7}},"locations":[{"start":{"line":72,"column":18},"end":{"line":76,"column":7}}]},"9":{"type":"branch","line":74,"loc":{"start":{"line":74,"column":36},"end":{"line":74,"column":74}},"locations":[{"start":{"line":74,"column":36},"end":{"line":74,"column":74}}]},"10":{"type":"branch","line":79,"loc":{"start":{"line":79,"column":17},"end":{"line":81,"column":7}},"locations":[{"start":{"line":79,"column":17},"end":{"line":81,"column":7}}]},"11":{"type":"branch","line":84,"loc":{"start":{"line":84,"column":16},"end":{"line":89,"column":7}},"locations":[{"start":{"line":84,"column":16},"end":{"line":89,"column":7}}]},"12":{"type":"branch","line":86,"loc":{"start":{"line":86,"column":10},"end":{"line":86,"column":73}},"locations":[{"start":{"line":86,"column":10},"end":{"line":86,"column":73}}]},"13":{"type":"branch","line":92,"loc":{"start":{"line":92,"column":21},"end":{"line":94,"column":7}},"locations":[{"start":{"line":92,"column":21},"end":{"line":94,"column":7}}]},"14":{"type":"branch","line":93,"loc":{"start":{"line":93,"column":34},"end":{"line":93,"column":72}},"locations":[{"start":{"line":93,"column":34},"end":{"line":93,"column":72}}]},"15":{"type":"branch","line":97,"loc":{"start":{"line":97,"column":16},"end":{"line":97,"column":43}},"locations":[{"start":{"line":97,"column":16},"end":{"line":97,"column":43}}]},"16":{"type":"branch","line":98,"loc":{"start":{"line":98,"column":17},"end":{"line":98,"column":45}},"locations":[{"start":{"line":98,"column":17},"end":{"line":98,"column":45}}]},"17":{"type":"branch","line":99,"loc":{"start":{"line":99,"column":18},"end":{"line":99,"column":67}},"locations":[{"start":{"line":99,"column":18},"end":{"line":99,"column":67}}]},"18":{"type":"branch","line":99,"loc":{"start":{"line":99,"column":28},"end":{"line":99,"column":66}},"locations":[{"start":{"line":99,"column":28},"end":{"line":99,"column":66}}]},"19":{"type":"branch","line":102,"loc":{"start":{"line":102,"column":20},"end":{"line":115,"column":7}},"locations":[{"start":{"line":102,"column":20},"end":{"line":115,"column":7}}]},"20":{"type":"branch","line":106,"loc":{"start":{"line":106,"column":31},"end":{"line":111,"column":12}},"locations":[{"start":{"line":106,"column":31},"end":{"line":111,"column":12}}]},"21":{"type":"branch","line":119,"loc":{"start":{"line":119,"column":18},"end":{"line":119,"column":53}},"locations":[{"start":{"line":119,"column":18},"end":{"line":119,"column":53}}]}},"b":{"0":[4],"1":[21],"2":[7],"3":[14],"4":[12],"5":[2],"6":[1],"7":[2],"8":[1],"9":[2],"10":[15],"11":[4],"12":[4],"13":[2],"14":[2],"15":[2],"16":[15],"17":[2],"18":[2],"19":[2],"20":[2],"21":[58]},"fnMap":{"0":{"name":"useCartStore.name","decl":{"start":{"line":16,"column":4},"end":{"line":116,"column":6}},"loc":{"start":{"line":16,"column":4},"end":{"line":116,"column":6}},"line":16},"1":{"name":"addItem","decl":{"start":{"line":23,"column":15},"end":{"line":49,"column":7}},"loc":{"start":{"line":23,"column":15},"end":{"line":49,"column":7}},"line":23},"2":{"name":"removeItem","decl":{"start":{"line":52,"column":18},"end":{"line":69,"column":7}},"loc":{"start":{"line":52,"column":18},"end":{"line":69,"column":7}},"line":52},"3":{"name":"deleteItem","decl":{"start":{"line":72,"column":18},"end":{"line":76,"column":7}},"loc":{"start":{"line":72,"column":18},"end":{"line":76,"column":7}},"line":72},"4":{"name":"clearCart","decl":{"start":{"line":79,"column":17},"end":{"line":81,"column":7}},"loc":{"start":{"line":79,"column":17},"end":{"line":81,"column":7}},"line":79},"5":{"name":"getTotal","decl":{"start":{"line":84,"column":16},"end":{"line":89,"column":7}},"loc":{"start":{"line":84,"column":16},"end":{"line":89,"column":7}},"line":84},"6":{"name":"getTotalItems","decl":{"start":{"line":92,"column":21},"end":{"line":94,"column":7}},"loc":{"start":{"line":92,"column":21},"end":{"line":94,"column":7}},"line":92},"7":{"name":"openCart","decl":{"start":{"line":97,"column":16},"end":{"line":97,"column":43}},"loc":{"start":{"line":97,"column":16},"end":{"line":97,"column":43}},"line":97},"8":{"name":"closeCart","decl":{"start":{"line":98,"column":17},"end":{"line":98,"column":45}},"loc":{"start":{"line":98,"column":17},"end":{"line":98,"column":45}},"line":98},"9":{"name":"toggleCart","decl":{"start":{"line":99,"column":18},"end":{"line":99,"column":67}},"loc":{"start":{"line":99,"column":18},"end":{"line":99,"column":67}},"line":99},"10":{"name":"getOrderData","decl":{"start":{"line":102,"column":20},"end":{"line":115,"column":7}},"loc":{"start":{"line":102,"column":20},"end":{"line":115,"column":7}},"line":102},"11":{"name":"partialize","decl":{"start":{"line":119,"column":18},"end":{"line":119,"column":53}},"loc":{"start":{"line":119,"column":18},"end":{"line":119,"column":53}},"line":119}},"f":{"0":4,"1":21,"2":2,"3":1,"4":15,"5":4,"6":2,"7":2,"8":15,"9":2,"10":2,"11":58}}
}
